[2025-01-27 02:56:49,438: INFO: main: Welcome to my Custom log]
[2025-01-29 00:38:32,640: INFO: common: yaml file config\config.yaml loadded successfully]
[2025-01-29 00:38:32,642: INFO: common: yaml file params.yaml loadded successfully]
[2025-01-29 00:50:01,815: INFO: common: yaml file config\config.yaml loadded successfully]
[2025-01-29 00:50:01,816: INFO: common: yaml file params.yaml loadded successfully]
[2025-01-29 01:06:15,923: INFO: common: yaml file config\config.yaml loadded successfully]
[2025-01-29 01:06:15,925: INFO: common: yaml file params.yaml loadded successfully]
[2025-01-29 01:07:32,755: INFO: common: yaml file config\config.yaml loadded successfully]
[2025-01-29 01:07:32,756: INFO: common: yaml file params.yaml loadded successfully]
[2025-01-29 01:09:57,545: INFO: common: yaml file config\config.yaml loadded successfully]
[2025-01-29 01:09:57,550: INFO: common: yaml file params.yaml loadded successfully]
[2025-01-29 01:09:57,552: INFO: common: Created directory at: artifacts]
[2025-01-29 01:15:33,254: INFO: common: yaml file config\config.yaml loadded successfully]
[2025-01-29 01:15:33,254: INFO: common: yaml file params.yaml loadded successfully]
[2025-01-29 01:15:33,257: INFO: common: Created directory at: artifacts]
[2025-01-29 01:15:33,258: INFO: common: Created directory at: artifacts/data_ingestion]
[2025-01-29 01:15:34,333: INFO: 3087961911: artifacts/data_ingestion/data.zip downloaded wiht the following info: 
 Server: GitHub.com
Date: Tue, 28 Jan 2025 22:15:34 GMT
Content-Type: text/html; charset=utf-8
Vary: X-PJAX, X-PJAX-Container, Turbo-Visit, Turbo-Frame, Accept-Encoding, Accept, X-Requested-With
ETag: W/"f08ff8ce927067c7c08099cea4a5137d"
Cache-Control: max-age=0, private, must-revalidate
Strict-Transport-Security: max-age=31536000; includeSubdomains; preload
X-Frame-Options: deny
X-Content-Type-Options: nosniff
X-XSS-Protection: 0
Referrer-Policy: no-referrer-when-downgrade
Content-Security-Policy: default-src 'none'; base-uri 'self'; child-src github.com/assets-cdn/worker/ github.com/webpack/ github.com/assets/ gist.github.com/assets-cdn/worker/; connect-src 'self' uploads.github.com www.githubstatus.com collector.github.com raw.githubusercontent.com api.github.com github-cloud.s3.amazonaws.com github-production-repository-file-5c1aeb.s3.amazonaws.com github-production-upload-manifest-file-7fdce7.s3.amazonaws.com github-production-user-asset-6210df.s3.amazonaws.com *.rel.tunnels.api.visualstudio.com wss://*.rel.tunnels.api.visualstudio.com objects-origin.githubusercontent.com copilot-proxy.githubusercontent.com proxy.individual.githubcopilot.com proxy.business.githubcopilot.com proxy.enterprise.githubcopilot.com *.actions.githubusercontent.com wss://*.actions.githubusercontent.com productionresultssa0.blob.core.windows.net/ productionresultssa1.blob.core.windows.net/ productionresultssa2.blob.core.windows.net/ productionresultssa3.blob.core.windows.net/ productionresultssa4.blob.core.windows.net/ productionresultssa5.blob.core.windows.net/ productionresultssa6.blob.core.windows.net/ productionresultssa7.blob.core.windows.net/ productionresultssa8.blob.core.windows.net/ productionresultssa9.blob.core.windows.net/ productionresultssa10.blob.core.windows.net/ productionresultssa11.blob.core.windows.net/ productionresultssa12.blob.core.windows.net/ productionresultssa13.blob.core.windows.net/ productionresultssa14.blob.core.windows.net/ productionresultssa15.blob.core.windows.net/ productionresultssa16.blob.core.windows.net/ productionresultssa17.blob.core.windows.net/ productionresultssa18.blob.core.windows.net/ productionresultssa19.blob.core.windows.net/ github-production-repository-image-32fea6.s3.amazonaws.com github-production-release-asset-2e65be.s3.amazonaws.com insights.github.com wss://alive.github.com api.githubcopilot.com api.individual.githubcopilot.com api.business.githubcopilot.com api.enterprise.githubcopilot.com; font-src github.githubassets.com; form-action 'self' github.com gist.github.com copilot-workspace.githubnext.com objects-origin.githubusercontent.com; frame-ancestors 'none'; frame-src viewscreen.githubusercontent.com notebooks.githubusercontent.com; img-src 'self' data: blob: github.githubassets.com media.githubusercontent.com camo.githubusercontent.com identicons.github.com avatars.githubusercontent.com private-avatars.githubusercontent.com github-cloud.s3.amazonaws.com objects.githubusercontent.com secured-user-images.githubusercontent.com/ user-images.githubusercontent.com/ private-user-images.githubusercontent.com opengraph.githubassets.com github-production-user-asset-6210df.s3.amazonaws.com customer-stories-feed.github.com spotlights-feed.github.com objects-origin.githubusercontent.com *.githubusercontent.com; manifest-src 'self'; media-src github.com user-images.githubusercontent.com/ secured-user-images.githubusercontent.com/ private-user-images.githubusercontent.com github-production-user-asset-6210df.s3.amazonaws.com gist.github.com; script-src github.githubassets.com; style-src 'unsafe-inline' github.githubassets.com; upgrade-insecure-requests; worker-src github.com/assets-cdn/worker/ github.com/webpack/ github.com/assets/ gist.github.com/assets-cdn/worker/
Accept-Ranges: bytes
Set-Cookie: _gh_sess=aTODb8AtP2uTrYshGyLN35L0pB5tTTF9IOQgjlNauDoOUistGKBdbAfnJn5m4b9Ub2tV4qc1%2BSQ8flNDp8Ei4Zx59oX9btRkgDo2KrlSM2w9qOSCa7%2BlB6O09Wu0660IIy0nLYtvRbH%2B9bYiXMe%2F7xbi8RqAfOLkRPIHCQjbGZESZjIBw3pnLxme6UUnxyu03NF3D1WiB8tCzAQ0tesr2Y5hXQ6FopD2CV5L2ov7tGIy8NBQAAkTJ45nOzqIwdTbcCN6J%2F8z4HTRvCGzqAnhpA%3D%3D--tTIxa8fy0mcH69IB--r9pXwSIhNOeXZqj5UgkFCg%3D%3D; Path=/; HttpOnly; Secure; SameSite=Lax
Set-Cookie: _octo=GH1.1.689795506.1738102533; Path=/; Domain=github.com; Expires=Wed, 28 Jan 2026 22:15:33 GMT; Secure; SameSite=Lax
Set-Cookie: logged_in=no; Path=/; Domain=github.com; Expires=Wed, 28 Jan 2026 22:15:33 GMT; HttpOnly; Secure; SameSite=Lax
X-GitHub-Request-Id: 4D62:E4375:83013:10E476:67995705
connection: close
Transfer-Encoding: chunked

]
[2025-01-29 01:18:59,669: INFO: common: yaml file config\config.yaml loadded successfully]
[2025-01-29 01:18:59,670: INFO: common: yaml file params.yaml loadded successfully]
[2025-01-29 01:18:59,671: INFO: common: Created directory at: artifacts]
[2025-01-29 01:18:59,673: INFO: common: Created directory at: artifacts/data_ingestion]
[2025-01-29 01:19:59,670: INFO: common: yaml file config\config.yaml loadded successfully]
[2025-01-29 01:19:59,670: INFO: common: yaml file params.yaml loadded successfully]
[2025-01-29 01:19:59,670: INFO: common: Created directory at: artifacts]
[2025-01-29 01:19:59,676: INFO: common: Created directory at: artifacts/data_ingestion]
[2025-01-29 01:20:00,742: INFO: 3087961911: artifacts/data_ingestion/data.zip downloaded wiht the following info: 
 Server: GitHub.com
Date: Tue, 28 Jan 2025 22:20:00 GMT
Content-Type: text/html; charset=utf-8
Vary: X-PJAX, X-PJAX-Container, Turbo-Visit, Turbo-Frame, Accept-Encoding, Accept, X-Requested-With
ETag: W/"bde0127b20d515aabb055908c06c33e3"
Cache-Control: max-age=0, private, must-revalidate
Strict-Transport-Security: max-age=31536000; includeSubdomains; preload
X-Frame-Options: deny
X-Content-Type-Options: nosniff
X-XSS-Protection: 0
Referrer-Policy: no-referrer-when-downgrade
Content-Security-Policy: default-src 'none'; base-uri 'self'; child-src github.com/assets-cdn/worker/ github.com/webpack/ github.com/assets/ gist.github.com/assets-cdn/worker/; connect-src 'self' uploads.github.com www.githubstatus.com collector.github.com raw.githubusercontent.com api.github.com github-cloud.s3.amazonaws.com github-production-repository-file-5c1aeb.s3.amazonaws.com github-production-upload-manifest-file-7fdce7.s3.amazonaws.com github-production-user-asset-6210df.s3.amazonaws.com *.rel.tunnels.api.visualstudio.com wss://*.rel.tunnels.api.visualstudio.com objects-origin.githubusercontent.com copilot-proxy.githubusercontent.com proxy.individual.githubcopilot.com proxy.business.githubcopilot.com proxy.enterprise.githubcopilot.com *.actions.githubusercontent.com wss://*.actions.githubusercontent.com productionresultssa0.blob.core.windows.net/ productionresultssa1.blob.core.windows.net/ productionresultssa2.blob.core.windows.net/ productionresultssa3.blob.core.windows.net/ productionresultssa4.blob.core.windows.net/ productionresultssa5.blob.core.windows.net/ productionresultssa6.blob.core.windows.net/ productionresultssa7.blob.core.windows.net/ productionresultssa8.blob.core.windows.net/ productionresultssa9.blob.core.windows.net/ productionresultssa10.blob.core.windows.net/ productionresultssa11.blob.core.windows.net/ productionresultssa12.blob.core.windows.net/ productionresultssa13.blob.core.windows.net/ productionresultssa14.blob.core.windows.net/ productionresultssa15.blob.core.windows.net/ productionresultssa16.blob.core.windows.net/ productionresultssa17.blob.core.windows.net/ productionresultssa18.blob.core.windows.net/ productionresultssa19.blob.core.windows.net/ github-production-repository-image-32fea6.s3.amazonaws.com github-production-release-asset-2e65be.s3.amazonaws.com insights.github.com wss://alive.github.com api.githubcopilot.com api.individual.githubcopilot.com api.business.githubcopilot.com api.enterprise.githubcopilot.com; font-src github.githubassets.com; form-action 'self' github.com gist.github.com copilot-workspace.githubnext.com objects-origin.githubusercontent.com; frame-ancestors 'none'; frame-src viewscreen.githubusercontent.com notebooks.githubusercontent.com; img-src 'self' data: blob: github.githubassets.com media.githubusercontent.com camo.githubusercontent.com identicons.github.com avatars.githubusercontent.com private-avatars.githubusercontent.com github-cloud.s3.amazonaws.com objects.githubusercontent.com secured-user-images.githubusercontent.com/ user-images.githubusercontent.com/ private-user-images.githubusercontent.com opengraph.githubassets.com github-production-user-asset-6210df.s3.amazonaws.com customer-stories-feed.github.com spotlights-feed.github.com objects-origin.githubusercontent.com *.githubusercontent.com; manifest-src 'self'; media-src github.com user-images.githubusercontent.com/ secured-user-images.githubusercontent.com/ private-user-images.githubusercontent.com github-production-user-asset-6210df.s3.amazonaws.com gist.github.com; script-src github.githubassets.com; style-src 'unsafe-inline' github.githubassets.com; upgrade-insecure-requests; worker-src github.com/assets-cdn/worker/ github.com/webpack/ github.com/assets/ gist.github.com/assets-cdn/worker/
Accept-Ranges: bytes
Set-Cookie: _gh_sess=GAQjOB%2BNPsz%2FjX4vgRd%2FKh3m6yknCyFjOCmVg%2FbFQEPsfHru%2BpBxPUm236b3aVZrq4F08gw0bdKAlB0Ouok4Vjknsam%2FI5iBELuBDV81GN%2FVOiVKu53WKdXFassZ3G88cguwUFrSnpD1zgGGM8aPe76HyiwRV0KxS9z5Fsg3eSRHVdaQqJushzD6jDZqr%2F30cM6Z%2F5XR3whX9HZMFFhgYWiDe9YMniSohP6u63usyUpUGunf%2FrgLPhf5jS0ta2ZWwRs10%2FaCgUvH5ID5xzLx8g%3D%3D--q3tHP79t5GVQCejS--K5G6otONmEx9QU%2FB4rdIpw%3D%3D; Path=/; HttpOnly; Secure; SameSite=Lax
Set-Cookie: _octo=GH1.1.1177969430.1738102800; Path=/; Domain=github.com; Expires=Wed, 28 Jan 2026 22:20:00 GMT; Secure; SameSite=Lax
Set-Cookie: logged_in=no; Path=/; Domain=github.com; Expires=Wed, 28 Jan 2026 22:20:00 GMT; HttpOnly; Secure; SameSite=Lax
X-GitHub-Request-Id: 4D45:18C64A:EF5B0:1DAE19:6799580F
connection: close
Transfer-Encoding: chunked

]
[2025-01-29 01:20:22,827: INFO: common: yaml file config\config.yaml loadded successfully]
[2025-01-29 01:20:22,829: INFO: common: yaml file params.yaml loadded successfully]
[2025-01-29 01:20:22,829: INFO: common: Created directory at: artifacts]
[2025-01-29 01:20:22,830: INFO: common: Created directory at: artifacts/data_ingestion]
[2025-01-29 01:20:42,467: INFO: common: yaml file config\config.yaml loadded successfully]
[2025-01-29 01:20:42,472: INFO: common: yaml file params.yaml loadded successfully]
[2025-01-29 01:20:42,473: INFO: common: Created directory at: artifacts]
[2025-01-29 01:20:42,474: INFO: common: Created directory at: artifacts/data_ingestion]
[2025-01-29 01:20:43,859: INFO: 3087961911: artifacts/data_ingestion/data.zip downloaded wiht the following info: 
 Server: GitHub.com
Date: Tue, 28 Jan 2025 22:20:43 GMT
Content-Type: text/html; charset=utf-8
Vary: X-PJAX, X-PJAX-Container, Turbo-Visit, Turbo-Frame, Accept-Encoding, Accept, X-Requested-With
ETag: W/"ace354e72fd10348f46275ec5e73afe1"
Cache-Control: max-age=0, private, must-revalidate
Strict-Transport-Security: max-age=31536000; includeSubdomains; preload
X-Frame-Options: deny
X-Content-Type-Options: nosniff
X-XSS-Protection: 0
Referrer-Policy: no-referrer-when-downgrade
Content-Security-Policy: default-src 'none'; base-uri 'self'; child-src github.com/assets-cdn/worker/ github.com/webpack/ github.com/assets/ gist.github.com/assets-cdn/worker/; connect-src 'self' uploads.github.com www.githubstatus.com collector.github.com raw.githubusercontent.com api.github.com github-cloud.s3.amazonaws.com github-production-repository-file-5c1aeb.s3.amazonaws.com github-production-upload-manifest-file-7fdce7.s3.amazonaws.com github-production-user-asset-6210df.s3.amazonaws.com *.rel.tunnels.api.visualstudio.com wss://*.rel.tunnels.api.visualstudio.com objects-origin.githubusercontent.com copilot-proxy.githubusercontent.com proxy.individual.githubcopilot.com proxy.business.githubcopilot.com proxy.enterprise.githubcopilot.com *.actions.githubusercontent.com wss://*.actions.githubusercontent.com productionresultssa0.blob.core.windows.net/ productionresultssa1.blob.core.windows.net/ productionresultssa2.blob.core.windows.net/ productionresultssa3.blob.core.windows.net/ productionresultssa4.blob.core.windows.net/ productionresultssa5.blob.core.windows.net/ productionresultssa6.blob.core.windows.net/ productionresultssa7.blob.core.windows.net/ productionresultssa8.blob.core.windows.net/ productionresultssa9.blob.core.windows.net/ productionresultssa10.blob.core.windows.net/ productionresultssa11.blob.core.windows.net/ productionresultssa12.blob.core.windows.net/ productionresultssa13.blob.core.windows.net/ productionresultssa14.blob.core.windows.net/ productionresultssa15.blob.core.windows.net/ productionresultssa16.blob.core.windows.net/ productionresultssa17.blob.core.windows.net/ productionresultssa18.blob.core.windows.net/ productionresultssa19.blob.core.windows.net/ github-production-repository-image-32fea6.s3.amazonaws.com github-production-release-asset-2e65be.s3.amazonaws.com insights.github.com wss://alive.github.com api.githubcopilot.com api.individual.githubcopilot.com api.business.githubcopilot.com api.enterprise.githubcopilot.com; font-src github.githubassets.com; form-action 'self' github.com gist.github.com copilot-workspace.githubnext.com objects-origin.githubusercontent.com; frame-ancestors 'none'; frame-src viewscreen.githubusercontent.com notebooks.githubusercontent.com; img-src 'self' data: blob: github.githubassets.com media.githubusercontent.com camo.githubusercontent.com identicons.github.com avatars.githubusercontent.com private-avatars.githubusercontent.com github-cloud.s3.amazonaws.com objects.githubusercontent.com secured-user-images.githubusercontent.com/ user-images.githubusercontent.com/ private-user-images.githubusercontent.com opengraph.githubassets.com github-production-user-asset-6210df.s3.amazonaws.com customer-stories-feed.github.com spotlights-feed.github.com objects-origin.githubusercontent.com *.githubusercontent.com; manifest-src 'self'; media-src github.com user-images.githubusercontent.com/ secured-user-images.githubusercontent.com/ private-user-images.githubusercontent.com github-production-user-asset-6210df.s3.amazonaws.com gist.github.com; script-src github.githubassets.com; style-src 'unsafe-inline' github.githubassets.com; upgrade-insecure-requests; worker-src github.com/assets-cdn/worker/ github.com/webpack/ github.com/assets/ gist.github.com/assets-cdn/worker/
Accept-Ranges: bytes
Set-Cookie: _gh_sess=XRqZ3sG%2BGyl4C9BccE2h3DpiZldMRvj0bqsvhYdsNF%2F8cokPTMwdumcdCLioDQxjnflUxUo%2FnK%2FhEyPm54%2FgCKkuZTPngQweNzTG4fZAUBBrPwMVBtjXAsL5Fnj0JSoOdIeGzmcMIYcNy3SIeg7BD3WBOeTMQzHe1cejJFRRqPk8TUBn80gjfDX0dZx5pMLnfQZY7UPU2B%2BSd3nK7EENAS%2BBDI5vt9xUZHkSVEqPDkAM7cXf2UclQYWncCe%2BDXmRPWTlAFOkX0iZkhEZHHZ9%2BQ%3D%3D--rNNJwEzZqAcrvcwr--SaGwvdU6Krq%2FgtRXSEVr6g%3D%3D; Path=/; HttpOnly; Secure; SameSite=Lax
Set-Cookie: _octo=GH1.1.1565382362.1738102842; Path=/; Domain=github.com; Expires=Wed, 28 Jan 2026 22:20:42 GMT; Secure; SameSite=Lax
Set-Cookie: logged_in=no; Path=/; Domain=github.com; Expires=Wed, 28 Jan 2026 22:20:42 GMT; HttpOnly; Secure; SameSite=Lax
X-GitHub-Request-Id: 4D4C:549A:F07CC:1DC5DA:6799583A
connection: close
Transfer-Encoding: chunked

]
[2025-01-29 01:25:24,219: INFO: common: yaml file config\config.yaml loadded successfully]
[2025-01-29 01:25:24,219: INFO: common: yaml file params.yaml loadded successfully]
[2025-01-29 01:25:24,219: INFO: common: Created directory at: artifacts]
[2025-01-29 01:25:24,224: INFO: common: Created directory at: artifacts/data_ingestion]
[2025-01-29 01:25:44,229: INFO: common: yaml file config\config.yaml loadded successfully]
[2025-01-29 01:25:44,229: INFO: common: yaml file params.yaml loadded successfully]
[2025-01-29 01:25:44,234: INFO: common: Created directory at: artifacts]
[2025-01-29 01:25:44,235: INFO: common: Created directory at: artifacts/data_ingestion]
[2025-01-29 01:26:46,275: INFO: common: yaml file config\config.yaml loadded successfully]
[2025-01-29 01:26:46,275: INFO: common: yaml file params.yaml loadded successfully]
[2025-01-29 01:26:46,278: INFO: common: Created directory at: artifacts]
[2025-01-29 01:26:46,279: INFO: common: Created directory at: artifacts/data_ingestion]
[2025-01-29 01:29:15,552: INFO: common: yaml file config\config.yaml loadded successfully]
[2025-01-29 01:29:15,552: INFO: common: yaml file params.yaml loadded successfully]
[2025-01-29 01:29:15,557: INFO: common: Created directory at: artifacts]
[2025-01-29 01:29:15,557: INFO: common: Created directory at: artifacts/data_ingestion]
[2025-01-29 01:29:23,355: INFO: common: yaml file config\config.yaml loadded successfully]
[2025-01-29 01:29:23,355: INFO: common: yaml file params.yaml loadded successfully]
[2025-01-29 01:29:23,355: INFO: common: Created directory at: artifacts]
[2025-01-29 01:29:23,355: INFO: common: Created directory at: artifacts/data_ingestion]
[2025-01-29 01:31:43,860: INFO: common: yaml file config\config.yaml loadded successfully]
[2025-01-29 01:31:43,860: INFO: common: yaml file params.yaml loadded successfully]
[2025-01-29 01:31:43,860: INFO: common: Created directory at: artifacts]
[2025-01-29 01:31:43,860: INFO: common: Created directory at: artifacts/data_ingestion]
[2025-01-29 01:37:42,525: INFO: common: yaml file config\config.yaml loadded successfully]
[2025-01-29 01:37:42,525: INFO: common: yaml file params.yaml loadded successfully]
[2025-01-29 01:37:42,531: INFO: common: Created directory at: artifacts]
[2025-01-29 01:37:42,532: INFO: common: Created directory at: artifacts/data_ingestion]
[2025-01-29 01:37:45,567: INFO: 3087961911: artifacts/data_ingestion/data.zip downloaded wiht the following info: 
 Connection: close
Content-Length: 11616915
Cache-Control: max-age=300
Content-Security-Policy: default-src 'none'; style-src 'unsafe-inline'; sandbox
Content-Type: application/zip
ETag: "adf745abc03891fe493c3be264ec012691fe3fa21d861f35a27edbe6d86a76b1"
Strict-Transport-Security: max-age=31536000
X-Content-Type-Options: nosniff
X-Frame-Options: deny
X-XSS-Protection: 1; mode=block
X-GitHub-Request-Id: 187E:E64FC:5EDF60:621E8B:67995C37
Accept-Ranges: bytes
Date: Tue, 28 Jan 2025 22:37:44 GMT
Via: 1.1 varnish
X-Served-By: cache-mrs10563-MRS
X-Cache: MISS
X-Cache-Hits: 0
X-Timer: S1738103864.700943,VS0,VE718
Vary: Authorization,Accept-Encoding,Origin
Access-Control-Allow-Origin: *
Cross-Origin-Resource-Policy: cross-origin
X-Fastly-Request-ID: 55f318671afa07ceeafff4c1c2b7e2383f771073
Expires: Tue, 28 Jan 2025 22:42:44 GMT
Source-Age: 0

]
[2025-01-29 01:48:39,847: INFO: main: >>> stage Data Ingestion Stage started >>>]
[2025-01-29 01:48:39,862: INFO: common: yaml file config\config.yaml loadded successfully]
[2025-01-29 01:48:39,862: INFO: common: yaml file params.yaml loadded successfully]
[2025-01-29 01:48:39,862: INFO: common: Created directory at: artifacts]
[2025-01-29 01:48:39,862: INFO: common: Created directory at: artifacts/data_ingestion]
[2025-01-29 01:48:44,625: INFO: data_ingestion: artifacts/data_ingestion/data.zip downloaded wiht the following info: 
 Connection: close
Content-Length: 11616915
Cache-Control: max-age=300
Content-Security-Policy: default-src 'none'; style-src 'unsafe-inline'; sandbox
Content-Type: application/zip
ETag: "adf745abc03891fe493c3be264ec012691fe3fa21d861f35a27edbe6d86a76b1"
Strict-Transport-Security: max-age=31536000
X-Content-Type-Options: nosniff
X-Frame-Options: deny
X-XSS-Protection: 1; mode=block
X-GitHub-Request-Id: 187E:E64FC:5EDF60:621E8B:67995C37
Accept-Ranges: bytes
Date: Tue, 28 Jan 2025 22:48:41 GMT
Via: 1.1 varnish
X-Served-By: cache-mrs10556-MRS
X-Cache: HIT
X-Cache-Hits: 0
X-Timer: S1738104521.007907,VS0,VE165
Vary: Authorization,Accept-Encoding,Origin
Access-Control-Allow-Origin: *
Cross-Origin-Resource-Policy: cross-origin
X-Fastly-Request-ID: 9ad5868c662a5dbddb2837bc474220a6c6fb5716
Expires: Tue, 28 Jan 2025 22:53:41 GMT
Source-Age: 0

]
[2025-01-29 01:48:44,924: INFO: main: >>> stage Data Ingestion Stage completed <<<<<< 

 ====== ]
[2025-02-01 22:47:11,786: INFO: common: yaml file config\config.yaml loadded successfully]
[2025-02-01 22:47:11,791: INFO: common: yaml file params.yaml loadded successfully]
[2025-02-01 22:47:11,794: INFO: common: Created directory at: artifacts]
[2025-02-01 22:47:11,795: INFO: common: Created directory at: artifacts/prepare_base_model]
[2025-02-01 22:48:02,180: INFO: common: yaml file config\config.yaml loadded successfully]
[2025-02-01 22:48:02,180: INFO: common: yaml file params.yaml loadded successfully]
[2025-02-01 22:48:02,180: INFO: common: Created directory at: artifacts]
[2025-02-01 22:48:02,180: INFO: common: Created directory at: artifacts/prepare_base_model]
[2025-02-01 22:48:15,100: INFO: common: yaml file config\config.yaml loadded successfully]
[2025-02-01 22:48:15,101: INFO: common: yaml file params.yaml loadded successfully]
[2025-02-01 22:48:15,102: INFO: common: Created directory at: artifacts]
[2025-02-01 22:48:15,102: INFO: common: Created directory at: artifacts/prepare_base_model]
[2025-02-01 22:48:38,814: INFO: common: yaml file config\config.yaml loadded successfully]
[2025-02-01 22:48:38,815: INFO: common: yaml file params.yaml loadded successfully]
[2025-02-01 22:48:38,815: INFO: common: Created directory at: artifacts]
[2025-02-01 22:48:38,817: INFO: common: Created directory at: artifacts/prepare_base_model]
[2025-02-01 22:49:51,654: INFO: common: yaml file config\config.yaml loadded successfully]
[2025-02-01 22:49:51,658: INFO: common: yaml file params.yaml loadded successfully]
[2025-02-01 22:49:51,659: INFO: common: Created directory at: artifacts]
[2025-02-01 22:49:51,660: INFO: common: Created directory at: artifacts/prepare_base_model]
[2025-02-01 22:52:16,933: INFO: common: yaml file config\config.yaml loadded successfully]
[2025-02-01 22:52:16,933: INFO: common: yaml file params.yaml loadded successfully]
[2025-02-01 22:52:16,933: INFO: common: Created directory at: artifacts]
[2025-02-01 22:52:16,933: INFO: common: Created directory at: artifacts/prepare_base_model]
[2025-02-02 15:19:46,669: INFO: common: yaml file config\config.yaml loadded successfully]
[2025-02-02 15:19:46,673: INFO: common: yaml file params.yaml loadded successfully]
[2025-02-02 15:19:46,673: INFO: common: Created directory at: artifacts]
[2025-02-02 15:19:46,673: INFO: common: Created directory at: artifacts/prepare_base_model]
[2025-02-02 15:22:49,749: INFO: common: yaml file config\config.yaml loadded successfully]
[2025-02-02 15:22:49,751: INFO: common: yaml file params.yaml loadded successfully]
[2025-02-02 15:22:49,752: INFO: common: Created directory at: artifacts]
[2025-02-02 15:22:49,753: INFO: common: Created directory at: artifacts/prepare_base_model]
[2025-02-02 15:24:44,709: INFO: common: yaml file config\config.yaml loadded successfully]
[2025-02-02 15:24:44,709: INFO: common: yaml file params.yaml loadded successfully]
[2025-02-02 15:24:44,715: INFO: common: Created directory at: artifacts]
[2025-02-02 15:24:44,715: INFO: common: Created directory at: artifacts/prepare_base_model]
[2025-02-02 15:25:24,485: INFO: common: yaml file config\config.yaml loadded successfully]
[2025-02-02 15:25:24,487: INFO: common: yaml file params.yaml loadded successfully]
[2025-02-02 15:25:24,489: INFO: common: Created directory at: artifacts]
[2025-02-02 15:25:24,490: INFO: common: Created directory at: artifacts/prepare_base_model]
[2025-02-02 15:27:38,895: INFO: common: yaml file config\config.yaml loadded successfully]
[2025-02-02 15:27:38,897: INFO: common: yaml file params.yaml loadded successfully]
[2025-02-02 15:27:38,897: INFO: common: Created directory at: artifacts]
[2025-02-02 15:27:38,898: INFO: common: Created directory at: artifacts/prepare_base_model]
[2025-02-02 15:30:04,286: INFO: common: yaml file config\config.yaml loadded successfully]
[2025-02-02 15:30:04,288: INFO: common: yaml file params.yaml loadded successfully]
[2025-02-02 15:30:04,288: INFO: common: Created directory at: artifacts]
[2025-02-02 15:30:04,290: INFO: common: Created directory at: artifacts/prepare_base_model]
[2025-02-02 15:30:17,225: INFO: common: yaml file config\config.yaml loadded successfully]
[2025-02-02 15:30:17,229: INFO: common: yaml file params.yaml loadded successfully]
[2025-02-02 15:30:17,230: INFO: common: Created directory at: artifacts]
[2025-02-02 15:30:17,230: INFO: common: Created directory at: artifacts/prepare_base_model]
[2025-02-02 15:30:44,754: INFO: common: yaml file config\config.yaml loadded successfully]
[2025-02-02 15:30:44,757: INFO: common: yaml file params.yaml loadded successfully]
[2025-02-02 15:30:44,757: INFO: common: Created directory at: artifacts]
[2025-02-02 15:30:44,758: INFO: common: Created directory at: artifacts/prepare_base_model]
[2025-02-02 15:53:09,642: INFO: common: yaml file config\config.yaml loadded successfully]
[2025-02-02 15:53:09,644: INFO: common: yaml file params.yaml loadded successfully]
[2025-02-02 15:53:09,644: INFO: common: Created directory at: artifacts]
[2025-02-02 15:53:09,644: INFO: common: Created directory at: artifacts/prepare_base_model]
[2025-02-02 15:57:24,387: INFO: common: yaml file config\config.yaml loadded successfully]
[2025-02-02 15:57:24,388: INFO: common: yaml file params.yaml loadded successfully]
[2025-02-02 15:57:24,388: INFO: common: Created directory at: artifacts]
[2025-02-02 15:57:24,391: INFO: common: Created directory at: artifacts/prepare_base_model]
[2025-02-02 15:58:23,140: INFO: common: yaml file config\config.yaml loadded successfully]
[2025-02-02 15:58:23,142: INFO: common: yaml file params.yaml loadded successfully]
[2025-02-02 15:58:23,143: INFO: common: Created directory at: artifacts]
[2025-02-02 15:58:23,143: INFO: common: Created directory at: artifacts/prepare_base_model]
[2025-02-02 15:58:23,364: WARNING: saving_api: You are saving your model as an HDF5 file via `model.save()` or `keras.saving.save_model(model)`. This file format is considered legacy. We recommend using instead the native Keras format, e.g. `model.save('my_model.keras')` or `keras.saving.save_model(model, 'my_model.keras')`. ]
[2025-02-02 15:59:35,440: INFO: common: yaml file config\config.yaml loadded successfully]
[2025-02-02 15:59:35,443: INFO: common: yaml file params.yaml loadded successfully]
[2025-02-02 15:59:35,443: INFO: common: Created directory at: artifacts]
[2025-02-02 15:59:35,443: INFO: common: Created directory at: artifacts/prepare_base_model]
[2025-02-02 15:59:35,688: WARNING: saving_api: You are saving your model as an HDF5 file via `model.save()` or `keras.saving.save_model(model)`. This file format is considered legacy. We recommend using instead the native Keras format, e.g. `model.save('my_model.keras')` or `keras.saving.save_model(model, 'my_model.keras')`. ]
[2025-02-02 15:59:35,803: WARNING: saving_api: You are saving your model as an HDF5 file via `model.save()` or `keras.saving.save_model(model)`. This file format is considered legacy. We recommend using instead the native Keras format, e.g. `model.save('my_model.keras')` or `keras.saving.save_model(model, 'my_model.keras')`. ]
[2025-02-02 19:27:48,164: INFO: main: >>> stage Data Ingestion Stage started >>>]
[2025-02-02 19:27:48,164: INFO: common: yaml file config\config.yaml loadded successfully]
[2025-02-02 19:27:48,164: INFO: common: yaml file params.yaml loadded successfully]
[2025-02-02 19:27:48,164: INFO: common: Created directory at: artifacts]
[2025-02-02 19:27:48,164: INFO: common: Created directory at: artifacts/data_ingestion]
[2025-02-02 19:27:48,164: ERROR: main: local variable 'file_name' referenced before assignment]
Traceback (most recent call last):
  File "C:\Users\aamer\OneDrive\Desktop\Projects\train2\main.py", line 10, in <module>
    obj.main()
  File "c:\users\aamer\onedrive\desktop\projects\train2\src\CNNproject\pipeline\stage_01_data_ingestion.py", line 15, in main
    data_ingestion.download_file()
  File "c:\users\aamer\onedrive\desktop\projects\train2\src\CNNproject\components\data_ingestion.py", line 22, in download_file
    logger.info(f"{file_name} is already exists of size: {get_size(Path(self.config.local_data_file))}")
UnboundLocalError: local variable 'file_name' referenced before assignment
[2025-02-02 19:28:52,545: INFO: main: >>> stage Data Ingestion Stage started >>>]
[2025-02-02 19:28:52,545: INFO: common: yaml file config\config.yaml loadded successfully]
[2025-02-02 19:28:52,545: INFO: common: yaml file params.yaml loadded successfully]
[2025-02-02 19:28:52,545: INFO: common: Created directory at: artifacts]
[2025-02-02 19:28:52,545: INFO: common: Created directory at: artifacts/data_ingestion]
[2025-02-02 19:28:52,545: ERROR: main: local variable 'file_name' referenced before assignment]
Traceback (most recent call last):
  File "C:\Users\aamer\OneDrive\Desktop\Projects\train2\main.py", line 10, in <module>
    obj.main()
  File "c:\users\aamer\onedrive\desktop\projects\train2\src\CNNproject\pipeline\stage_01_data_ingestion.py", line 15, in main
    data_ingestion.download_file()
  File "c:\users\aamer\onedrive\desktop\projects\train2\src\CNNproject\components\data_ingestion.py", line 22, in download_file
    logger.info(f"{file_name} is already exists of size: {get_size(Path(self.config.local_data_file))}")
UnboundLocalError: local variable 'file_name' referenced before assignment
[2025-02-02 19:36:06,349: INFO: main: >>> stage Data Ingestion Stage started >>>]
[2025-02-02 19:36:06,349: INFO: common: yaml file config\config.yaml loadded successfully]
[2025-02-02 19:36:06,361: INFO: common: yaml file params.yaml loadded successfully]
[2025-02-02 19:36:06,362: INFO: common: Created directory at: artifacts]
[2025-02-02 19:36:06,362: INFO: common: Created directory at: artifacts/data_ingestion]
[2025-02-02 19:36:12,639: INFO: data_ingestion: artifacts/data_ingestion/data.zip downloaded wiht the following info: 
 Connection: close
Content-Length: 11616915
Cache-Control: max-age=300
Content-Security-Policy: default-src 'none'; style-src 'unsafe-inline'; sandbox
Content-Type: application/zip
ETag: "adf745abc03891fe493c3be264ec012691fe3fa21d861f35a27edbe6d86a76b1"
Strict-Transport-Security: max-age=31536000
X-Content-Type-Options: nosniff
X-Frame-Options: deny
X-XSS-Protection: 1; mode=block
X-GitHub-Request-Id: C34C:14B247:1BE460D:1D1F53A:679F9EF7
Accept-Ranges: bytes
Date: Sun, 02 Feb 2025 16:36:08 GMT
Via: 1.1 varnish
X-Served-By: cache-mrs1050113-MRS
X-Cache: MISS
X-Cache-Hits: 0
X-Timer: S1738514168.857850,VS0,VE809
Vary: Authorization,Accept-Encoding,Origin
Access-Control-Allow-Origin: *
Cross-Origin-Resource-Policy: cross-origin
X-Fastly-Request-ID: b747eb3412817652e47c06dbed9ada6a7738bc8c
Expires: Sun, 02 Feb 2025 16:41:08 GMT
Source-Age: 0

]
[2025-02-02 19:36:12,973: INFO: main: >>> stage Data Ingestion Stage completed <<<<<< 

 ====== ]
[2025-02-02 19:36:12,973: INFO: main: >>> stage Prepare Base Model Stage started >>>]
[2025-02-02 19:36:12,978: INFO: common: yaml file config\config.yaml loadded successfully]
[2025-02-02 19:36:12,979: INFO: common: yaml file params.yaml loadded successfully]
[2025-02-02 19:36:12,979: INFO: common: Created directory at: artifacts]
[2025-02-02 19:36:12,979: INFO: common: Created directory at: artifacts/prepare_base_model]
[2025-02-02 19:36:13,279: WARNING: saving_api: You are saving your model as an HDF5 file via `model.save()` or `keras.saving.save_model(model)`. This file format is considered legacy. We recommend using instead the native Keras format, e.g. `model.save('my_model.keras')` or `keras.saving.save_model(model, 'my_model.keras')`. ]
[2025-02-02 19:36:13,392: WARNING: saving_api: You are saving your model as an HDF5 file via `model.save()` or `keras.saving.save_model(model)`. This file format is considered legacy. We recommend using instead the native Keras format, e.g. `model.save('my_model.keras')` or `keras.saving.save_model(model, 'my_model.keras')`. ]
[2025-02-02 19:36:13,487: INFO: main: >>> stage Prepare Base Model Stage completed <<<<<< 

 ====== ]
[2025-02-02 19:36:59,326: INFO: main: >>> stage Data Ingestion Stage started >>>]
[2025-02-02 19:36:59,326: INFO: common: yaml file config\config.yaml loadded successfully]
[2025-02-02 19:36:59,326: INFO: common: yaml file params.yaml loadded successfully]
[2025-02-02 19:36:59,326: INFO: common: Created directory at: artifacts]
[2025-02-02 19:36:59,342: INFO: common: Created directory at: artifacts/data_ingestion]
[2025-02-02 19:37:01,402: INFO: data_ingestion: artifacts/data_ingestion/data.zip downloaded wiht the following info: 
 Connection: close
Content-Length: 11616915
Cache-Control: max-age=300
Content-Security-Policy: default-src 'none'; style-src 'unsafe-inline'; sandbox
Content-Type: application/zip
ETag: "adf745abc03891fe493c3be264ec012691fe3fa21d861f35a27edbe6d86a76b1"
Strict-Transport-Security: max-age=31536000
X-Content-Type-Options: nosniff
X-Frame-Options: deny
X-XSS-Protection: 1; mode=block
X-GitHub-Request-Id: C34C:14B247:1BE460D:1D1F53A:679F9EF7
Accept-Ranges: bytes
Date: Sun, 02 Feb 2025 16:36:59 GMT
Via: 1.1 varnish
X-Served-By: cache-mrs10534-MRS
X-Cache: HIT
X-Cache-Hits: 1
X-Timer: S1738514220.590099,VS0,VE13
Vary: Authorization,Accept-Encoding,Origin
Access-Control-Allow-Origin: *
Cross-Origin-Resource-Policy: cross-origin
X-Fastly-Request-ID: 99542a2ad5acdd16e23d10e061acdec230a721f2
Expires: Sun, 02 Feb 2025 16:41:59 GMT
Source-Age: 51

]
[2025-02-02 19:37:01,687: INFO: main: >>> stage Data Ingestion Stage completed <<<<<< 

 ====== ]
[2025-02-02 19:37:01,687: INFO: main: >>> stage Prepare Base Model Stage started >>>]
[2025-02-02 19:37:01,687: INFO: common: yaml file config\config.yaml loadded successfully]
[2025-02-02 19:37:01,687: INFO: common: yaml file params.yaml loadded successfully]
[2025-02-02 19:37:01,687: INFO: common: Created directory at: artifacts]
[2025-02-02 19:37:01,687: INFO: common: Created directory at: artifacts/prepare_base_model]
[2025-02-02 19:37:01,940: WARNING: saving_api: You are saving your model as an HDF5 file via `model.save()` or `keras.saving.save_model(model)`. This file format is considered legacy. We recommend using instead the native Keras format, e.g. `model.save('my_model.keras')` or `keras.saving.save_model(model, 'my_model.keras')`. ]
[2025-02-02 19:37:02,052: WARNING: saving_api: You are saving your model as an HDF5 file via `model.save()` or `keras.saving.save_model(model)`. This file format is considered legacy. We recommend using instead the native Keras format, e.g. `model.save('my_model.keras')` or `keras.saving.save_model(model, 'my_model.keras')`. ]
[2025-02-02 19:37:02,128: INFO: main: >>> stage Prepare Base Model Stage completed <<<<<< 

 ====== ]
[2025-02-03 01:41:44,174: INFO: common: yaml file config\config.yaml loadded successfully]
[2025-02-03 01:41:44,179: INFO: common: yaml file params.yaml loadded successfully]
[2025-02-03 01:41:44,179: INFO: common: Created directory at: artifacts]
[2025-02-03 01:41:44,182: INFO: common: Created directory at: artifacts\prepare_callbacks\checkpoint_dir]
[2025-02-03 01:41:44,183: INFO: common: Created directory at: artifacts\prepare_callbacks\tensorboard_log_dir]
[2025-02-03 01:41:58,625: INFO: common: yaml file config\config.yaml loadded successfully]
[2025-02-03 01:41:58,625: INFO: common: yaml file params.yaml loadded successfully]
[2025-02-03 01:41:58,625: INFO: common: Created directory at: artifacts]
[2025-02-03 01:41:58,630: INFO: common: Created directory at: artifacts\prepare_callbacks\checkpoint_dir]
[2025-02-03 01:41:58,631: INFO: common: Created directory at: artifacts\prepare_callbacks\tensorboard_log_dir]
[2025-02-06 15:55:56,943: INFO: common: yaml file config\config.yaml loadded successfully]
[2025-02-06 15:55:56,943: INFO: common: yaml file params.yaml loadded successfully]
[2025-02-06 15:55:56,943: INFO: common: Created directory at: artifacts]
[2025-02-06 15:55:56,943: INFO: common: Created directory at: artifacts/prepare_callbacks/checkpoint_dir]
[2025-02-06 15:55:56,949: INFO: common: Created directory at: artifacts\prepare_callbacks\tensorboard_log_dir]
[2025-02-07 01:08:21,431: INFO: common: yaml file config\config.yaml loadded successfully]
[2025-02-07 01:08:21,434: INFO: common: yaml file params.yaml loadded successfully]
[2025-02-07 01:08:21,436: INFO: common: Created directory at: artifacts]
[2025-02-07 01:08:21,437: INFO: common: Created directory at: artifacts/prepare_callbacks/checkpoint_dir]
[2025-02-07 01:08:21,437: INFO: common: Created directory at: artifacts\prepare_callbacks\tensorboard_log_dir]
[2025-02-07 01:09:38,825: INFO: common: yaml file config\config.yaml loadded successfully]
[2025-02-07 01:09:38,828: INFO: common: yaml file params.yaml loadded successfully]
[2025-02-07 01:09:38,828: INFO: common: Created directory at: artifacts]
[2025-02-07 01:09:52,718: INFO: common: yaml file config\config.yaml loadded successfully]
[2025-02-07 01:09:52,718: INFO: common: yaml file params.yaml loadded successfully]
[2025-02-07 01:09:52,724: INFO: common: Created directory at: artifacts]
[2025-02-07 01:10:38,368: INFO: common: yaml file config\config.yaml loadded successfully]
[2025-02-07 01:10:38,370: INFO: common: yaml file params.yaml loadded successfully]
[2025-02-07 01:10:38,373: INFO: common: Created directory at: artifacts]
[2025-02-07 01:10:38,375: INFO: common: Created directory at: artifacts/prepare_callbacks/checkpoint_dir]
[2025-02-07 01:10:38,376: INFO: common: Created directory at: artifacts\prepare_callbacks\tensorboard_log_dir]
[2025-02-07 01:11:08,895: INFO: common: yaml file config\config.yaml loadded successfully]
[2025-02-07 01:11:08,896: INFO: common: yaml file params.yaml loadded successfully]
[2025-02-07 01:11:08,896: INFO: common: Created directory at: artifacts]
[2025-02-07 01:11:08,896: INFO: common: Created directory at: artifacts/prepare_callbacks/checkpoint_dir]
[2025-02-07 01:11:08,896: INFO: common: Created directory at: artifacts\prepare_callbacks\tensorboard_log_dir]
[2025-02-07 01:15:53,701: INFO: common: yaml file config\config.yaml loadded successfully]
[2025-02-07 01:15:53,704: INFO: common: yaml file params.yaml loadded successfully]
[2025-02-07 01:15:53,705: INFO: common: Created directory at: artifacts]
[2025-02-07 01:15:53,706: INFO: common: Created directory at: artifacts/prepare_callbacks/checkpoint_dir]
[2025-02-07 01:15:53,707: INFO: common: Created directory at: artifacts\prepare_callbacks\tensorboard_log_dir]
[2025-02-07 01:17:38,084: INFO: common: yaml file config\config.yaml loadded successfully]
[2025-02-07 01:17:38,086: INFO: common: yaml file params.yaml loadded successfully]
[2025-02-07 01:17:38,086: INFO: common: Created directory at: artifacts]
[2025-02-07 01:17:38,086: INFO: common: Created directory at: artifacts\prepare_callbacks\checkpoint_dir]
[2025-02-07 01:17:38,086: INFO: common: Created directory at: artifacts\prepare_callbacks\tensorboard_log_dir]
[2025-02-07 01:17:51,620: INFO: common: yaml file config\config.yaml loadded successfully]
[2025-02-07 01:17:51,621: INFO: common: yaml file params.yaml loadded successfully]
[2025-02-07 01:17:51,621: INFO: common: Created directory at: artifacts]
[2025-02-07 01:17:51,621: INFO: common: Created directory at: artifacts/prepare_callbacks/checkpoint_dir]
[2025-02-07 01:17:51,621: INFO: common: Created directory at: artifacts\prepare_callbacks\tensorboard_log_dir]
[2025-02-07 01:21:46,019: INFO: common: yaml file config\config.yaml loadded successfully]
[2025-02-07 01:21:46,021: INFO: common: yaml file params.yaml loadded successfully]
[2025-02-07 01:21:46,022: INFO: common: Created directory at: artifacts]
[2025-02-07 01:21:46,023: INFO: common: Created directory at: artifacts/prepare_callbacks/checkpoint_dir]
[2025-02-07 01:21:46,023: INFO: common: Created directory at: artifacts\prepare_callbacks\tensorboard_log_dir]
[2025-02-07 01:21:46,026: INFO: common: Created directory at: artifacts\training]
[2025-02-07 01:21:46,300: WARNING: saving_utils: Compiled the loaded model, but the compiled metrics have yet to be built. `model.compile_metrics` will be empty until you train or evaluate the model.]
[2025-02-07 01:25:28,678: INFO: common: yaml file config\config.yaml loadded successfully]
[2025-02-07 01:25:28,678: INFO: common: yaml file params.yaml loadded successfully]
[2025-02-07 01:25:28,678: INFO: common: Created directory at: artifacts]
[2025-02-07 01:25:28,683: INFO: common: Created directory at: artifacts/prepare_callbacks/checkpoint_dir]
[2025-02-07 01:25:28,684: INFO: common: Created directory at: artifacts\prepare_callbacks\tensorboard_log_dir]
[2025-02-07 01:25:28,685: INFO: common: Created directory at: artifacts\training]
[2025-02-07 01:25:28,872: WARNING: saving_utils: Compiled the loaded model, but the compiled metrics have yet to be built. `model.compile_metrics` will be empty until you train or evaluate the model.]
[2025-02-07 01:26:31,730: INFO: common: yaml file config\config.yaml loadded successfully]
[2025-02-07 01:26:31,732: INFO: common: yaml file params.yaml loadded successfully]
[2025-02-07 01:26:31,734: INFO: common: Created directory at: artifacts]
[2025-02-07 01:26:31,734: INFO: common: Created directory at: artifacts/prepare_callbacks/checkpoint_dir]
[2025-02-07 01:26:31,734: INFO: common: Created directory at: artifacts\prepare_callbacks\tensorboard_log_dir]
[2025-02-07 01:26:31,734: INFO: common: Created directory at: artifacts\training]
[2025-02-07 01:26:31,921: WARNING: saving_utils: Compiled the loaded model, but the compiled metrics have yet to be built. `model.compile_metrics` will be empty until you train or evaluate the model.]
[2025-02-07 01:28:12,347: INFO: common: yaml file config\config.yaml loadded successfully]
[2025-02-07 01:28:12,348: INFO: common: yaml file params.yaml loadded successfully]
[2025-02-07 01:28:12,348: INFO: common: Created directory at: artifacts]
[2025-02-07 01:28:12,351: INFO: common: Created directory at: artifacts/prepare_callbacks/checkpoint_dir]
[2025-02-07 01:28:12,352: INFO: common: Created directory at: artifacts\prepare_callbacks\tensorboard_log_dir]
[2025-02-07 01:28:12,353: INFO: common: Created directory at: artifacts\training]
[2025-02-07 01:28:12,505: WARNING: saving_utils: Compiled the loaded model, but the compiled metrics have yet to be built. `model.compile_metrics` will be empty until you train or evaluate the model.]
[2025-02-07 01:38:53,371: INFO: common: yaml file config\config.yaml loadded successfully]
[2025-02-07 01:38:53,371: INFO: common: yaml file params.yaml loadded successfully]
[2025-02-07 01:38:53,371: INFO: common: Created directory at: artifacts]
[2025-02-07 01:38:53,377: INFO: common: Created directory at: artifacts/prepare_callbacks/checkpoint_dir]
[2025-02-07 01:38:53,378: INFO: common: Created directory at: artifacts\prepare_callbacks\tensorboard_log_dir]
[2025-02-07 01:38:53,378: INFO: common: Created directory at: artifacts\training]
[2025-02-07 01:38:53,540: WARNING: saving_utils: Compiled the loaded model, but the compiled metrics have yet to be built. `model.compile_metrics` will be empty until you train or evaluate the model.]
[2025-02-07 01:39:27,015: INFO: common: yaml file config\config.yaml loadded successfully]
[2025-02-07 01:39:27,016: INFO: common: yaml file params.yaml loadded successfully]
[2025-02-07 01:39:27,016: INFO: common: Created directory at: artifacts]
[2025-02-07 01:39:27,019: INFO: common: Created directory at: artifacts/prepare_callbacks/checkpoint_dir]
[2025-02-07 01:39:27,020: INFO: common: Created directory at: artifacts\prepare_callbacks\tensorboard_log_dir]
[2025-02-07 01:39:27,021: INFO: common: Created directory at: artifacts\training]
[2025-02-07 01:39:27,187: WARNING: saving_utils: Compiled the loaded model, but the compiled metrics have yet to be built. `model.compile_metrics` will be empty until you train or evaluate the model.]
[2025-02-07 01:44:28,172: INFO: common: yaml file config\config.yaml loadded successfully]
[2025-02-07 01:44:28,173: INFO: common: yaml file params.yaml loadded successfully]
[2025-02-07 01:44:28,175: INFO: common: Created directory at: artifacts]
[2025-02-07 01:44:28,176: INFO: common: Created directory at: artifacts/prepare_callbacks/checkpoint_dir]
[2025-02-07 01:44:28,176: INFO: common: Created directory at: artifacts\prepare_callbacks\tensorboard_log_dir]
[2025-02-07 01:44:28,176: INFO: common: Created directory at: artifacts\training]
[2025-02-07 01:44:28,340: WARNING: saving_utils: Compiled the loaded model, but the compiled metrics have yet to be built. `model.compile_metrics` will be empty until you train or evaluate the model.]
[2025-02-07 01:48:13,282: INFO: common: yaml file config\config.yaml loadded successfully]
[2025-02-07 01:48:13,288: INFO: common: yaml file params.yaml loadded successfully]
[2025-02-07 01:48:13,289: INFO: common: Created directory at: artifacts]
[2025-02-07 01:48:13,289: INFO: common: Created directory at: artifacts\prepare_callbacks\checkpoint_dir]
[2025-02-07 01:48:13,289: INFO: common: Created directory at: artifacts\prepare_callbacks\tensorboard_log_dir]
[2025-02-07 01:48:35,294: INFO: common: yaml file config\config.yaml loadded successfully]
[2025-02-07 01:48:35,294: INFO: common: yaml file params.yaml loadded successfully]
[2025-02-07 01:48:35,294: INFO: common: Created directory at: artifacts]
[2025-02-07 01:48:35,294: INFO: common: Created directory at: artifacts/prepare_callbacks/checkpoint_dir]
[2025-02-07 01:48:35,294: INFO: common: Created directory at: artifacts\prepare_callbacks\tensorboard_log_dir]
[2025-02-07 01:48:35,294: INFO: common: Created directory at: artifacts\training]
[2025-02-07 01:48:35,470: WARNING: saving_utils: Compiled the loaded model, but the compiled metrics have yet to be built. `model.compile_metrics` will be empty until you train or evaluate the model.]
[2025-02-07 02:06:54,828: INFO: main: >>> stage Data Ingestion Stage started >>>]
[2025-02-07 02:06:54,843: INFO: common: yaml file config\config.yaml loadded successfully]
[2025-02-07 02:06:54,843: INFO: common: yaml file params.yaml loadded successfully]
[2025-02-07 02:06:54,843: INFO: common: Created directory at: artifacts]
[2025-02-07 02:06:54,843: INFO: common: Created directory at: artifacts/data_ingestion]
[2025-02-07 02:06:58,181: INFO: data_ingestion: artifacts/data_ingestion/data.zip downloaded wiht the following info: 
 Connection: close
Content-Length: 11616915
Cache-Control: max-age=300
Content-Security-Policy: default-src 'none'; style-src 'unsafe-inline'; sandbox
Content-Type: application/zip
ETag: "adf745abc03891fe493c3be264ec012691fe3fa21d861f35a27edbe6d86a76b1"
Strict-Transport-Security: max-age=31536000
X-Content-Type-Options: nosniff
X-Frame-Options: deny
X-XSS-Protection: 1; mode=block
X-GitHub-Request-Id: EDE2:236F27:16184A3:16FD4F3:67A54090
Accept-Ranges: bytes
Date: Thu, 06 Feb 2025 23:06:57 GMT
Via: 1.1 varnish
X-Served-By: cache-mrs10564-MRS
X-Cache: MISS
X-Cache-Hits: 0
X-Timer: S1738883216.472222,VS0,VE539
Vary: Authorization,Accept-Encoding,Origin
Access-Control-Allow-Origin: *
Cross-Origin-Resource-Policy: cross-origin
X-Fastly-Request-ID: 74300355398d9240e92600258926fb71de48296d
Expires: Thu, 06 Feb 2025 23:11:57 GMT
Source-Age: 0

]
[2025-02-07 02:06:58,597: INFO: main: >>> stage Data Ingestion Stage completed <<<<<< 

 ====== ]
[2025-02-07 02:06:58,597: INFO: main: >>> stage Prepare Base Model Stage started >>>]
[2025-02-07 02:06:58,612: INFO: common: yaml file config\config.yaml loadded successfully]
[2025-02-07 02:06:58,612: INFO: common: yaml file params.yaml loadded successfully]
[2025-02-07 02:06:58,612: INFO: common: Created directory at: artifacts]
[2025-02-07 02:06:58,612: INFO: common: Created directory at: artifacts/prepare_base_model]
[2025-02-07 02:06:58,845: WARNING: saving_api: You are saving your model as an HDF5 file via `model.save()` or `keras.saving.save_model(model)`. This file format is considered legacy. We recommend using instead the native Keras format, e.g. `model.save('my_model.keras')` or `keras.saving.save_model(model, 'my_model.keras')`. ]
[2025-02-07 02:06:58,968: WARNING: saving_api: You are saving your model as an HDF5 file via `model.save()` or `keras.saving.save_model(model)`. This file format is considered legacy. We recommend using instead the native Keras format, e.g. `model.save('my_model.keras')` or `keras.saving.save_model(model, 'my_model.keras')`. ]
[2025-02-07 02:06:59,028: INFO: main: >>> stage Prepare Base Model Stage completed <<<<<< 

 ====== ]
[2025-02-07 02:07:39,385: INFO: common: yaml file config\config.yaml loadded successfully]
[2025-02-07 02:07:39,385: INFO: common: yaml file params.yaml loadded successfully]
[2025-02-07 02:07:39,388: INFO: common: Created directory at: artifacts]
[2025-02-07 02:07:39,389: INFO: common: Created directory at: artifacts/prepare_callbacks/checkpoint_dir]
[2025-02-07 02:07:39,390: INFO: common: Created directory at: artifacts\prepare_callbacks\tensorboard_log_dir]
[2025-02-07 02:07:39,391: INFO: common: Created directory at: artifacts\training]
[2025-02-07 02:07:39,698: WARNING: saving_utils: Compiled the loaded model, but the compiled metrics have yet to be built. `model.compile_metrics` will be empty until you train or evaluate the model.]
[2025-02-07 02:13:10,334: INFO: main: >>> stage Data Ingestion Stage started >>>]
[2025-02-07 02:13:10,334: INFO: common: yaml file config\config.yaml loadded successfully]
[2025-02-07 02:13:10,334: INFO: common: yaml file params.yaml loadded successfully]
[2025-02-07 02:13:10,334: INFO: common: Created directory at: artifacts]
[2025-02-07 02:13:10,334: INFO: common: Created directory at: artifacts/data_ingestion]
[2025-02-07 02:13:10,334: ERROR: main: local variable 'file_name' referenced before assignment]
Traceback (most recent call last):
  File "C:\Users\aamer\OneDrive\Desktop\Projects\train2\main.py", line 10, in <module>
    obj.main()
  File "c:\users\aamer\onedrive\desktop\projects\train2\src\CNNproject\pipeline\stage_01_data_ingestion.py", line 15, in main
    data_ingestion.download_file()
  File "c:\users\aamer\onedrive\desktop\projects\train2\src\CNNproject\components\data_ingestion.py", line 22, in download_file
    logger.info(f"{file_name} is already exists of size: {get_size(Path(self.config.local_data_file))}")
UnboundLocalError: local variable 'file_name' referenced before assignment
[2025-02-07 02:21:49,816: INFO: main: >>> stage Data Ingestion Stage started >>>]
[2025-02-07 02:21:49,816: INFO: common: yaml file config\config.yaml loadded successfully]
[2025-02-07 02:21:49,816: INFO: common: yaml file params.yaml loadded successfully]
[2025-02-07 02:21:49,816: INFO: common: Created directory at: artifacts]
[2025-02-07 02:21:49,816: INFO: common: Created directory at: artifacts/data_ingestion]
[2025-02-07 02:21:52,560: INFO: data_ingestion: artifacts/data_ingestion/data.zip downloaded wiht the following info: 
 Connection: close
Content-Length: 11616915
Cache-Control: max-age=300
Content-Security-Policy: default-src 'none'; style-src 'unsafe-inline'; sandbox
Content-Type: application/zip
ETag: "adf745abc03891fe493c3be264ec012691fe3fa21d861f35a27edbe6d86a76b1"
Strict-Transport-Security: max-age=31536000
X-Content-Type-Options: nosniff
X-Frame-Options: deny
X-XSS-Protection: 1; mode=block
X-GitHub-Request-Id: EDE2:236F27:16184A3:16FD4F3:67A54090
Accept-Ranges: bytes
Date: Thu, 06 Feb 2025 23:21:51 GMT
Via: 1.1 varnish
X-Served-By: cache-mrs10573-MRS
X-Cache: HIT
X-Cache-Hits: 0
X-Timer: S1738884111.286962,VS0,VE253
Vary: Authorization,Accept-Encoding,Origin
Access-Control-Allow-Origin: *
Cross-Origin-Resource-Policy: cross-origin
X-Fastly-Request-ID: 784f421f7186bf4a04c9ff43f0333eb30c1ce817
Expires: Thu, 06 Feb 2025 23:26:51 GMT
Source-Age: 0

]
[2025-02-07 02:21:53,003: INFO: main: >>> stage Data Ingestion Stage completed <<<<<< 

 ====== ]
[2025-02-07 02:21:53,003: INFO: main: >>> stage Prepare Base Model Stage started >>>]
[2025-02-07 02:21:53,003: INFO: common: yaml file config\config.yaml loadded successfully]
[2025-02-07 02:21:53,003: INFO: common: yaml file params.yaml loadded successfully]
[2025-02-07 02:21:53,003: INFO: common: Created directory at: artifacts]
[2025-02-07 02:21:53,003: INFO: common: Created directory at: artifacts/prepare_base_model]
[2025-02-07 02:21:53,244: WARNING: saving_api: You are saving your model as an HDF5 file via `model.save()` or `keras.saving.save_model(model)`. This file format is considered legacy. We recommend using instead the native Keras format, e.g. `model.save('my_model.keras')` or `keras.saving.save_model(model, 'my_model.keras')`. ]
[2025-02-07 02:21:53,328: ERROR: main: `keras.optimizers.legacy` is not supported in Keras 3. When using `tf.keras`, to continue using a `tf.keras.optimizers.legacy` optimizer, you can install the `tf_keras` package (Keras 2) and set the environment variable `TF_USE_LEGACY_KERAS=True` to configure TensorFlow to use `tf_keras` when accessing `tf.keras`.]
Traceback (most recent call last):
  File "C:\Users\aamer\OneDrive\Desktop\Projects\train2\main.py", line 21, in <module>
    obj.main()
  File "c:\users\aamer\onedrive\desktop\projects\train2\src\CNNproject\pipeline\stage_02_prepare_base_model.py", line 17, in main
    prepare_base_model.update_base_model()
  File "c:\users\aamer\onedrive\desktop\projects\train2\src\CNNproject\components\prepare_base_model.py", line 57, in update_base_model
    self.full_model = self._prepare_full_model (
  File "c:\users\aamer\onedrive\desktop\projects\train2\src\CNNproject\components\prepare_base_model.py", line 47, in _prepare_full_model
    optimizer = tf.keras.optimizers.legacy.SGD(learning_rate= learning_rate),
  File "C:\Users\aamer\miniconda3\envs\myenv\lib\site-packages\keras\src\optimizers\__init__.py", line 115, in __init__
    raise ImportError(
ImportError: `keras.optimizers.legacy` is not supported in Keras 3. When using `tf.keras`, to continue using a `tf.keras.optimizers.legacy` optimizer, you can install the `tf_keras` package (Keras 2) and set the environment variable `TF_USE_LEGACY_KERAS=True` to configure TensorFlow to use `tf_keras` when accessing `tf.keras`.
[2025-02-07 02:24:04,779: INFO: main: >>> stage Data Ingestion Stage started >>>]
[2025-02-07 02:24:04,794: INFO: common: yaml file config\config.yaml loadded successfully]
[2025-02-07 02:24:04,794: INFO: common: yaml file params.yaml loadded successfully]
[2025-02-07 02:24:04,794: INFO: common: Created directory at: artifacts]
[2025-02-07 02:24:04,794: INFO: common: Created directory at: artifacts/data_ingestion]
[2025-02-07 02:24:04,794: ERROR: main: local variable 'file_name' referenced before assignment]
Traceback (most recent call last):
  File "C:\Users\aamer\OneDrive\Desktop\Projects\train2\main.py", line 10, in <module>
    obj.main()
  File "c:\users\aamer\onedrive\desktop\projects\train2\src\CNNproject\pipeline\stage_01_data_ingestion.py", line 15, in main
    data_ingestion.download_file()
  File "c:\users\aamer\onedrive\desktop\projects\train2\src\CNNproject\components\data_ingestion.py", line 22, in download_file
    logger.info(f"{file_name} is already exists of size: {get_size(Path(self.config.local_data_file))}")
UnboundLocalError: local variable 'file_name' referenced before assignment
[2025-02-07 02:25:10,358: INFO: main: >>> stage Data Ingestion Stage started >>>]
[2025-02-07 02:25:10,358: INFO: common: yaml file config\config.yaml loadded successfully]
[2025-02-07 02:25:10,358: INFO: common: yaml file params.yaml loadded successfully]
[2025-02-07 02:25:10,358: INFO: common: Created directory at: artifacts]
[2025-02-07 02:25:10,358: INFO: common: Created directory at: artifacts/data_ingestion]
[2025-02-07 02:25:12,786: INFO: data_ingestion: artifacts/data_ingestion/data.zip downloaded wiht the following info: 
 Connection: close
Content-Length: 11616915
Cache-Control: max-age=300
Content-Security-Policy: default-src 'none'; style-src 'unsafe-inline'; sandbox
Content-Type: application/zip
ETag: "adf745abc03891fe493c3be264ec012691fe3fa21d861f35a27edbe6d86a76b1"
Strict-Transport-Security: max-age=31536000
X-Content-Type-Options: nosniff
X-Frame-Options: deny
X-XSS-Protection: 1; mode=block
X-GitHub-Request-Id: EDE2:236F27:16184A3:16FD4F3:67A54090
Accept-Ranges: bytes
Date: Thu, 06 Feb 2025 23:25:11 GMT
Via: 1.1 varnish
X-Served-By: cache-mrs10520-MRS
X-Cache: HIT
X-Cache-Hits: 0
X-Timer: S1738884312.699640,VS0,VE1
Vary: Authorization,Accept-Encoding,Origin
Access-Control-Allow-Origin: *
Cross-Origin-Resource-Policy: cross-origin
X-Fastly-Request-ID: 3bbe1b3c73f5bdf4bfaadc1726ebf5b706570781
Expires: Thu, 06 Feb 2025 23:30:11 GMT
Source-Age: 200

]
[2025-02-07 02:25:13,149: INFO: main: >>> stage Data Ingestion Stage completed <<<<<< 

 ====== ]
[2025-02-07 02:25:13,149: INFO: main: >>> stage Prepare Base Model Stage started >>>]
[2025-02-07 02:25:13,150: INFO: common: yaml file config\config.yaml loadded successfully]
[2025-02-07 02:25:13,150: INFO: common: yaml file params.yaml loadded successfully]
[2025-02-07 02:25:13,150: INFO: common: Created directory at: artifacts]
[2025-02-07 02:25:13,150: INFO: common: Created directory at: artifacts/prepare_base_model]
[2025-02-07 02:25:13,372: WARNING: saving_api: You are saving your model as an HDF5 file via `model.save()` or `keras.saving.save_model(model)`. This file format is considered legacy. We recommend using instead the native Keras format, e.g. `model.save('my_model.keras')` or `keras.saving.save_model(model, 'my_model.keras')`. ]
[2025-02-07 02:25:13,477: WARNING: saving_api: You are saving your model as an HDF5 file via `model.save()` or `keras.saving.save_model(model)`. This file format is considered legacy. We recommend using instead the native Keras format, e.g. `model.save('my_model.keras')` or `keras.saving.save_model(model, 'my_model.keras')`. ]
[2025-02-07 02:25:13,540: INFO: main: >>> stage Prepare Base Model Stage completed <<<<<< 

 ====== ]
[2025-02-07 02:25:46,291: INFO: common: yaml file config\config.yaml loadded successfully]
[2025-02-07 02:25:46,293: INFO: common: yaml file params.yaml loadded successfully]
[2025-02-07 02:25:46,293: INFO: common: Created directory at: artifacts]
[2025-02-07 02:25:46,295: INFO: common: Created directory at: artifacts/prepare_callbacks/checkpoint_dir]
[2025-02-07 02:25:46,295: INFO: common: Created directory at: artifacts\prepare_callbacks\tensorboard_log_dir]
[2025-02-07 02:25:46,297: INFO: common: Created directory at: artifacts\training]
[2025-02-07 02:25:46,468: WARNING: saving_utils: Compiled the loaded model, but the compiled metrics have yet to be built. `model.compile_metrics` will be empty until you train or evaluate the model.]
[2025-02-07 02:31:25,975: INFO: main: >>> stage Data Ingestion Stage started >>>]
[2025-02-07 02:31:25,982: INFO: common: yaml file config\config.yaml loadded successfully]
[2025-02-07 02:31:25,982: INFO: common: yaml file params.yaml loadded successfully]
[2025-02-07 02:31:25,982: INFO: common: Created directory at: artifacts]
[2025-02-07 02:31:25,982: INFO: common: Created directory at: artifacts/data_ingestion]
[2025-02-07 02:31:28,544: INFO: data_ingestion: artifacts/data_ingestion/data.zip downloaded wiht the following info: 
 Connection: close
Content-Length: 11616915
Cache-Control: max-age=300
Content-Security-Policy: default-src 'none'; style-src 'unsafe-inline'; sandbox
Content-Type: application/zip
ETag: "adf745abc03891fe493c3be264ec012691fe3fa21d861f35a27edbe6d86a76b1"
Strict-Transport-Security: max-age=31536000
X-Content-Type-Options: nosniff
X-Frame-Options: deny
X-XSS-Protection: 1; mode=block
X-GitHub-Request-Id: EDE2:236F27:16184A3:16FD4F3:67A54090
Accept-Ranges: bytes
Date: Thu, 06 Feb 2025 23:31:27 GMT
Via: 1.1 varnish
X-Served-By: cache-mrs10529-MRS
X-Cache: HIT
X-Cache-Hits: 0
X-Timer: S1738884687.241410,VS0,VE204
Vary: Authorization,Accept-Encoding,Origin
Access-Control-Allow-Origin: *
Cross-Origin-Resource-Policy: cross-origin
X-Fastly-Request-ID: 7934908a6486e8b818173480dc88aaa30e77e58a
Expires: Thu, 06 Feb 2025 23:36:27 GMT
Source-Age: 0

]
[2025-02-07 02:31:28,744: INFO: main: >>> stage Data Ingestion Stage completed <<<<<< 

 ====== ]
[2025-02-07 02:31:28,744: INFO: main: >>> stage Prepare Base Model Stage started >>>]
[2025-02-07 02:31:28,745: INFO: common: yaml file config\config.yaml loadded successfully]
[2025-02-07 02:31:28,745: INFO: common: yaml file params.yaml loadded successfully]
[2025-02-07 02:31:28,745: INFO: common: Created directory at: artifacts]
[2025-02-07 02:31:28,745: INFO: common: Created directory at: artifacts/prepare_base_model]
[2025-02-07 02:31:28,999: WARNING: saving_api: You are saving your model as an HDF5 file via `model.save()` or `keras.saving.save_model(model)`. This file format is considered legacy. We recommend using instead the native Keras format, e.g. `model.save('my_model.keras')` or `keras.saving.save_model(model, 'my_model.keras')`. ]
[2025-02-07 02:31:29,103: WARNING: saving_api: You are saving your model as an HDF5 file via `model.save()` or `keras.saving.save_model(model)`. This file format is considered legacy. We recommend using instead the native Keras format, e.g. `model.save('my_model.keras')` or `keras.saving.save_model(model, 'my_model.keras')`. ]
[2025-02-07 02:31:29,183: INFO: main: >>> stage Prepare Base Model Stage completed <<<<<< 

 ====== ]
[2025-02-07 02:32:17,329: INFO: main: >>> stage Data Ingestion Stage started >>>]
[2025-02-07 02:32:17,329: INFO: common: yaml file config\config.yaml loadded successfully]
[2025-02-07 02:32:17,329: INFO: common: yaml file params.yaml loadded successfully]
[2025-02-07 02:32:17,329: INFO: common: Created directory at: artifacts]
[2025-02-07 02:32:17,329: INFO: common: Created directory at: artifacts/data_ingestion]
[2025-02-07 02:32:19,308: INFO: data_ingestion: artifacts/data_ingestion/data.zip downloaded wiht the following info: 
 Connection: close
Content-Length: 11616915
Cache-Control: max-age=300
Content-Security-Policy: default-src 'none'; style-src 'unsafe-inline'; sandbox
Content-Type: application/zip
ETag: "adf745abc03891fe493c3be264ec012691fe3fa21d861f35a27edbe6d86a76b1"
Strict-Transport-Security: max-age=31536000
X-Content-Type-Options: nosniff
X-Frame-Options: deny
X-XSS-Protection: 1; mode=block
X-GitHub-Request-Id: EDE2:236F27:16184A3:16FD4F3:67A54090
Accept-Ranges: bytes
Date: Thu, 06 Feb 2025 23:32:18 GMT
Via: 1.1 varnish
X-Served-By: cache-mrs1050112-MRS
X-Cache: HIT
X-Cache-Hits: 0
X-Timer: S1738884738.315789,VS0,VE1
Vary: Authorization,Accept-Encoding,Origin
Access-Control-Allow-Origin: *
Cross-Origin-Resource-Policy: cross-origin
X-Fastly-Request-ID: 6d3ba83388d3b020bb2b1b182038c7e1334fa78a
Expires: Thu, 06 Feb 2025 23:37:18 GMT
Source-Age: 51

]
[2025-02-07 02:32:19,534: INFO: main: >>> stage Data Ingestion Stage completed <<<<<< 

 ====== ]
[2025-02-07 02:32:19,534: INFO: main: >>> stage Prepare Base Model Stage started >>>]
[2025-02-07 02:32:19,534: INFO: common: yaml file config\config.yaml loadded successfully]
[2025-02-07 02:32:19,549: INFO: common: yaml file params.yaml loadded successfully]
[2025-02-07 02:32:19,549: INFO: common: Created directory at: artifacts]
[2025-02-07 02:32:19,549: INFO: common: Created directory at: artifacts/prepare_base_model]
[2025-02-07 02:32:19,760: WARNING: saving_api: You are saving your model as an HDF5 file via `model.save()` or `keras.saving.save_model(model)`. This file format is considered legacy. We recommend using instead the native Keras format, e.g. `model.save('my_model.keras')` or `keras.saving.save_model(model, 'my_model.keras')`. ]
[2025-02-07 02:32:19,832: ERROR: main: `keras.optimizers.legacy` is not supported in Keras 3. When using `tf.keras`, to continue using a `tf.keras.optimizers.legacy` optimizer, you can install the `tf_keras` package (Keras 2) and set the environment variable `TF_USE_LEGACY_KERAS=True` to configure TensorFlow to use `tf_keras` when accessing `tf.keras`.]
Traceback (most recent call last):
  File "C:\Users\aamer\OneDrive\Desktop\Projects\train2\main.py", line 21, in <module>
    obj.main()
  File "c:\users\aamer\onedrive\desktop\projects\train2\src\CNNproject\pipeline\stage_02_prepare_base_model.py", line 17, in main
    prepare_base_model.update_base_model()
  File "c:\users\aamer\onedrive\desktop\projects\train2\src\CNNproject\components\prepare_base_model.py", line 57, in update_base_model
    self.full_model = self._prepare_full_model (
  File "c:\users\aamer\onedrive\desktop\projects\train2\src\CNNproject\components\prepare_base_model.py", line 47, in _prepare_full_model
    optimizer = tf.keras.optimizers.legacy.SGD(learning_rate= learning_rate),
  File "C:\Users\aamer\miniconda3\envs\myenv\lib\site-packages\keras\src\optimizers\__init__.py", line 115, in __init__
    raise ImportError(
ImportError: `keras.optimizers.legacy` is not supported in Keras 3. When using `tf.keras`, to continue using a `tf.keras.optimizers.legacy` optimizer, you can install the `tf_keras` package (Keras 2) and set the environment variable `TF_USE_LEGACY_KERAS=True` to configure TensorFlow to use `tf_keras` when accessing `tf.keras`.
[2025-02-07 02:46:14,789: INFO: main: >>> stage Data Ingestion Stage started >>>]
[2025-02-07 02:46:14,794: INFO: common: yaml file config\config.yaml loadded successfully]
[2025-02-07 02:46:14,797: INFO: common: yaml file params.yaml loadded successfully]
[2025-02-07 02:46:14,798: INFO: common: Created directory at: artifacts]
[2025-02-07 02:46:14,800: INFO: common: Created directory at: artifacts/data_ingestion]
[2025-02-07 02:46:18,400: INFO: data_ingestion: artifacts/data_ingestion/data.zip downloaded wiht the following info: 
 Connection: close
Content-Length: 11616915
Cache-Control: max-age=300
Content-Security-Policy: default-src 'none'; style-src 'unsafe-inline'; sandbox
Content-Type: application/zip
ETag: "adf745abc03891fe493c3be264ec012691fe3fa21d861f35a27edbe6d86a76b1"
Strict-Transport-Security: max-age=31536000
X-Content-Type-Options: nosniff
X-Frame-Options: deny
X-XSS-Protection: 1; mode=block
X-GitHub-Request-Id: EDE2:236F27:16184A3:16FD4F3:67A54090
Accept-Ranges: bytes
Date: Thu, 06 Feb 2025 23:46:17 GMT
Via: 1.1 varnish
X-Served-By: cache-mrs10558-MRS
X-Cache: HIT
X-Cache-Hits: 0
X-Timer: S1738885577.975127,VS0,VE148
Vary: Authorization,Accept-Encoding,Origin
Access-Control-Allow-Origin: *
Cross-Origin-Resource-Policy: cross-origin
X-Fastly-Request-ID: 19aa5e1cc09338c51803de2756dac82df1067312
Expires: Thu, 06 Feb 2025 23:51:17 GMT
Source-Age: 0

]
[2025-02-07 02:46:19,027: INFO: main: >>> stage Data Ingestion Stage completed <<<<<< 

 ====== ]
[2025-02-07 02:46:19,027: INFO: main: >>> stage Prepare Base Model Stage started >>>]
[2025-02-07 02:46:19,027: INFO: common: yaml file config\config.yaml loadded successfully]
[2025-02-07 02:46:19,043: INFO: common: yaml file params.yaml loadded successfully]
[2025-02-07 02:46:19,043: INFO: common: Created directory at: artifacts]
[2025-02-07 02:46:19,043: INFO: common: Created directory at: artifacts/prepare_base_model]
[2025-02-07 02:46:21,701: WARNING: saving_utils: Compiled the loaded model, but the compiled metrics have yet to be built. `model.compile_metrics` will be empty until you train or evaluate the model.]
[2025-02-07 02:46:22,170: INFO: main: >>> stage Prepare Base Model Stage completed <<<<<< 

 ====== ]
[2025-02-07 02:47:28,151: INFO: common: yaml file config\config.yaml loadded successfully]
[2025-02-07 02:47:28,151: INFO: common: yaml file params.yaml loadded successfully]
[2025-02-07 02:47:28,151: INFO: common: Created directory at: artifacts]
[2025-02-07 02:47:28,151: INFO: common: Created directory at: artifacts/prepare_callbacks/checkpoint_dir]
[2025-02-07 02:47:28,151: INFO: common: Created directory at: artifacts\prepare_callbacks\tensorboard_log_dir]
[2025-02-07 02:47:28,157: INFO: common: Created directory at: artifacts\training]
[2025-02-07 13:55:31,603: INFO: main: >>> stage Data Ingestion Stage started >>>]
[2025-02-07 13:55:31,603: INFO: common: yaml file config\config.yaml loadded successfully]
[2025-02-07 13:55:31,603: INFO: common: yaml file params.yaml loadded successfully]
[2025-02-07 13:55:31,603: INFO: common: Created directory at: artifacts]
[2025-02-07 13:55:31,603: INFO: common: Created directory at: artifacts/data_ingestion]
[2025-02-07 13:55:31,603: ERROR: main: local variable 'file_name' referenced before assignment]
Traceback (most recent call last):
  File "C:\Users\aamer\OneDrive\Desktop\Projects\train2\main.py", line 11, in <module>
    obj.main()
  File "c:\users\aamer\onedrive\desktop\projects\train2\src\CNNproject\pipeline\stage_01_data_ingestion.py", line 15, in main
    data_ingestion.download_file()
  File "c:\users\aamer\onedrive\desktop\projects\train2\src\CNNproject\components\data_ingestion.py", line 22, in download_file
    logger.info(f"{file_name} is already exists of size: {get_size(Path(self.config.local_data_file))}")
UnboundLocalError: local variable 'file_name' referenced before assignment
[2025-02-07 13:56:31,131: INFO: main: >>> stage Data Ingestion Stage started >>>]
[2025-02-07 13:56:31,131: INFO: common: yaml file config\config.yaml loadded successfully]
[2025-02-07 13:56:31,131: INFO: common: yaml file params.yaml loadded successfully]
[2025-02-07 13:56:31,131: INFO: common: Created directory at: artifacts]
[2025-02-07 13:56:31,131: INFO: common: Created directory at: artifacts/data_ingestion]
[2025-02-07 13:56:38,054: INFO: data_ingestion: artifacts/data_ingestion/data.zip downloaded wiht the following info: 
 Connection: close
Content-Length: 11616915
Cache-Control: max-age=300
Content-Security-Policy: default-src 'none'; style-src 'unsafe-inline'; sandbox
Content-Type: application/zip
ETag: "adf745abc03891fe493c3be264ec012691fe3fa21d861f35a27edbe6d86a76b1"
Strict-Transport-Security: max-age=31536000
X-Content-Type-Options: nosniff
X-Frame-Options: deny
X-XSS-Protection: 1; mode=block
X-GitHub-Request-Id: F3EC:3C6D6B:12302F3:12F29F6:67A5E6DE
Accept-Ranges: bytes
Date: Fri, 07 Feb 2025 10:56:32 GMT
Via: 1.1 varnish
X-Served-By: cache-mrs1050097-MRS
X-Cache: MISS
X-Cache-Hits: 0
X-Timer: S1738925792.092090,VS0,VE823
Vary: Authorization,Accept-Encoding,Origin
Access-Control-Allow-Origin: *
Cross-Origin-Resource-Policy: cross-origin
X-Fastly-Request-ID: 30ba555208db6286c3f48c72270226b0139081a3
Expires: Fri, 07 Feb 2025 11:01:32 GMT
Source-Age: 0

]
[2025-02-07 13:56:38,425: INFO: main: >>> stage Data Ingestion Stage completed <<<<<< 

 ====== ]
[2025-02-07 13:56:38,441: INFO: main: >>> stage Prepare Base Model Stage started >>>]
[2025-02-07 13:56:38,441: INFO: common: yaml file config\config.yaml loadded successfully]
[2025-02-07 13:56:38,441: INFO: common: yaml file params.yaml loadded successfully]
[2025-02-07 13:56:38,441: INFO: common: Created directory at: artifacts]
[2025-02-07 13:56:38,441: INFO: common: Created directory at: artifacts/prepare_base_model]
[2025-02-07 13:56:40,368: WARNING: saving_utils: Compiled the loaded model, but the compiled metrics have yet to be built. `model.compile_metrics` will be empty until you train or evaluate the model.]
[2025-02-07 13:56:40,572: INFO: main: >>> stage Prepare Base Model Stage completed <<<<<< 

 ====== ]
[2025-02-07 13:56:40,572: INFO: main: >>> stage Training Stage started >>>]
[2025-02-07 13:56:40,572: INFO: common: yaml file config\config.yaml loadded successfully]
[2025-02-07 13:56:40,572: INFO: common: yaml file params.yaml loadded successfully]
[2025-02-07 13:56:40,572: INFO: common: Created directory at: artifacts]
[2025-02-07 13:56:40,572: ERROR: main: 'ConfigurationManager' object has no attribute 'get_prepare_callback_config']
Traceback (most recent call last):
  File "C:\Users\aamer\OneDrive\Desktop\Projects\train2\main.py", line 34, in <module>
    obj.main()
  File "c:\users\aamer\onedrive\desktop\projects\train2\src\CNNproject\pipeline\stage_03_training.py", line 14, in main
    prepare_callbacks_config = config.get_prepare_callback_config()
AttributeError: 'ConfigurationManager' object has no attribute 'get_prepare_callback_config'
[2025-02-07 13:59:54,221: INFO: main: >>> stage Data Ingestion Stage started >>>]
[2025-02-07 13:59:54,221: INFO: common: yaml file config\config.yaml loadded successfully]
[2025-02-07 13:59:54,221: INFO: common: yaml file params.yaml loadded successfully]
[2025-02-07 13:59:54,237: INFO: common: Created directory at: artifacts]
[2025-02-07 13:59:54,237: INFO: common: Created directory at: artifacts/data_ingestion]
[2025-02-07 13:59:57,307: INFO: data_ingestion: artifacts/data_ingestion/data.zip downloaded wiht the following info: 
 Connection: close
Content-Length: 11616915
Cache-Control: max-age=300
Content-Security-Policy: default-src 'none'; style-src 'unsafe-inline'; sandbox
Content-Type: application/zip
ETag: "adf745abc03891fe493c3be264ec012691fe3fa21d861f35a27edbe6d86a76b1"
Strict-Transport-Security: max-age=31536000
X-Content-Type-Options: nosniff
X-Frame-Options: deny
X-XSS-Protection: 1; mode=block
X-GitHub-Request-Id: F3EC:3C6D6B:12302F3:12F29F6:67A5E6DE
Accept-Ranges: bytes
Date: Fri, 07 Feb 2025 10:59:54 GMT
Via: 1.1 varnish
X-Served-By: cache-mrs10526-MRS
X-Cache: HIT
X-Cache-Hits: 0
X-Timer: S1738925995.931997,VS0,VE1
Vary: Authorization,Accept-Encoding,Origin
Access-Control-Allow-Origin: *
Cross-Origin-Resource-Policy: cross-origin
X-Fastly-Request-ID: ca157c6f8706fbb36304c68197e91dc898cea5de
Expires: Fri, 07 Feb 2025 11:04:54 GMT
Source-Age: 202

]
[2025-02-07 13:59:57,808: INFO: main: >>> stage Data Ingestion Stage completed <<<<<< 

 ====== ]
[2025-02-07 13:59:57,808: INFO: main: >>> stage Prepare Base Model Stage started >>>]
[2025-02-07 13:59:57,808: INFO: common: yaml file config\config.yaml loadded successfully]
[2025-02-07 13:59:57,823: INFO: common: yaml file params.yaml loadded successfully]
[2025-02-07 13:59:57,823: INFO: common: Created directory at: artifacts]
[2025-02-07 13:59:57,823: INFO: common: Created directory at: artifacts/prepare_base_model]
[2025-02-07 13:59:59,730: WARNING: saving_utils: Compiled the loaded model, but the compiled metrics have yet to be built. `model.compile_metrics` will be empty until you train or evaluate the model.]
[2025-02-07 13:59:59,929: INFO: main: >>> stage Prepare Base Model Stage completed <<<<<< 

 ====== ]
[2025-02-07 13:59:59,929: INFO: main: >>> stage Training Stage started >>>]
[2025-02-07 13:59:59,929: INFO: common: yaml file config\config.yaml loadded successfully]
[2025-02-07 13:59:59,929: INFO: common: yaml file params.yaml loadded successfully]
[2025-02-07 13:59:59,929: INFO: common: Created directory at: artifacts]
[2025-02-07 13:59:59,929: ERROR: main: "'ConfigBox' object has no attribute 'transorboard_root_log_dir'"]
Traceback (most recent call last):
  File "box\box.py", line 503, in box.box.Box.__getitem__
KeyError: 'transorboard_root_log_dir'

The above exception was the direct cause of the following exception:

Traceback (most recent call last):
  File "box\box.py", line 536, in box.box.Box.__getattr__
  File "box\box.py", line 524, in box.box.Box.__getitem__
box.exceptions.BoxKeyError: "'transorboard_root_log_dir'"

During handling of the above exception, another exception occurred:

Traceback (most recent call last):
  File "box\box.py", line 538, in box.box.Box.__getattr__
AttributeError: 'ConfigBox' object has no attribute 'transorboard_root_log_dir'

The above exception was the direct cause of the following exception:

Traceback (most recent call last):
  File "box\config_box.py", line 28, in box.config_box.ConfigBox.__getattr__
  File "box\box.py", line 552, in box.box.Box.__getattr__
box.exceptions.BoxKeyError: "'ConfigBox' object has no attribute 'transorboard_root_log_dir'"

During handling of the above exception, another exception occurred:

Traceback (most recent call last):
  File "box\box.py", line 503, in box.box.Box.__getitem__
KeyError: 'transorboard_root_log_dir'

The above exception was the direct cause of the following exception:

Traceback (most recent call last):
  File "box\box.py", line 536, in box.box.Box.__getattr__
  File "box\box.py", line 524, in box.box.Box.__getitem__
box.exceptions.BoxKeyError: "'transorboard_root_log_dir'"

During handling of the above exception, another exception occurred:

Traceback (most recent call last):
  File "box\box.py", line 538, in box.box.Box.__getattr__
AttributeError: 'ConfigBox' object has no attribute 'transorboard_root_log_dir'

The above exception was the direct cause of the following exception:

Traceback (most recent call last):
  File "C:\Users\aamer\OneDrive\Desktop\Projects\train2\main.py", line 34, in <module>
    obj.main()
  File "c:\users\aamer\onedrive\desktop\projects\train2\src\CNNproject\pipeline\stage_03_training.py", line 14, in main
    prepare_callbacks_config = config.get_prepare_callback_config()
  File "c:\users\aamer\onedrive\desktop\projects\train2\src\CNNproject\config\configuration.py", line 46, in get_prepare_callback_config
    Path(config.transorboard_root_log_dir)
  File "box\config_box.py", line 30, in box.config_box.ConfigBox.__getattr__
  File "box\box.py", line 552, in box.box.Box.__getattr__
box.exceptions.BoxKeyError: "'ConfigBox' object has no attribute 'transorboard_root_log_dir'"
[2025-02-09 21:43:23,894: INFO: main: >>> stage Data Ingestion Stage started >>>]
[2025-02-09 21:43:23,897: INFO: common: yaml file config\config.yaml loadded successfully]
[2025-02-09 21:43:23,897: INFO: common: yaml file params.yaml loadded successfully]
[2025-02-09 21:43:23,897: INFO: common: Created directory at: artifacts]
[2025-02-09 21:43:23,897: INFO: common: Created directory at: artifacts/data_ingestion]
[2025-02-09 21:43:26,426: INFO: data_ingestion: artifacts/data_ingestion/data.zip downloaded wiht the following info: 
 Connection: close
Content-Length: 11616915
Cache-Control: max-age=300
Content-Security-Policy: default-src 'none'; style-src 'unsafe-inline'; sandbox
Content-Type: application/zip
ETag: "adf745abc03891fe493c3be264ec012691fe3fa21d861f35a27edbe6d86a76b1"
Strict-Transport-Security: max-age=31536000
X-Content-Type-Options: nosniff
X-Frame-Options: deny
X-XSS-Protection: 1; mode=block
X-GitHub-Request-Id: 8B7E:3CC017:32A2957:3451A04:67A8F74A
Accept-Ranges: bytes
Date: Sun, 09 Feb 2025 18:43:22 GMT
Via: 1.1 varnish
X-Served-By: cache-mrs1050111-MRS
X-Cache: MISS
X-Cache-Hits: 0
X-Timer: S1739126602.189193,VS0,VE533
Vary: Authorization,Accept-Encoding,Origin
Access-Control-Allow-Origin: *
Cross-Origin-Resource-Policy: cross-origin
X-Fastly-Request-ID: 4da5408cb0ba6269a0ee077c30cf191929d7d3b1
Expires: Sun, 09 Feb 2025 18:48:22 GMT
Source-Age: 0

]
[2025-02-09 21:43:26,661: INFO: main: >>> stage Data Ingestion Stage completed <<<<<< 

 ====== ]
[2025-02-09 21:43:26,661: INFO: main: >>> stage Prepare Base Model Stage started >>>]
[2025-02-09 21:43:26,670: INFO: common: yaml file config\config.yaml loadded successfully]
[2025-02-09 21:43:26,670: INFO: common: yaml file params.yaml loadded successfully]
[2025-02-09 21:43:26,670: INFO: common: Created directory at: artifacts]
[2025-02-09 21:43:26,670: INFO: common: Created directory at: artifacts/prepare_base_model]
[2025-02-09 21:43:27,506: WARNING: saving_utils: Compiled the loaded model, but the compiled metrics have yet to be built. `model.compile_metrics` will be empty until you train or evaluate the model.]
[2025-02-09 21:43:27,691: INFO: main: >>> stage Prepare Base Model Stage completed <<<<<< 

 ====== ]
[2025-02-09 21:43:27,696: INFO: main: >>> stage Training Stage started >>>]
[2025-02-09 21:43:27,696: INFO: common: yaml file config\config.yaml loadded successfully]
[2025-02-09 21:43:27,698: INFO: common: yaml file params.yaml loadded successfully]
[2025-02-09 21:43:27,698: INFO: common: Created directory at: artifacts]
[2025-02-09 21:43:27,698: ERROR: main: "'ConfigBox' object has no attribute 'transorboard_root_log_dir'"]
Traceback (most recent call last):
  File "box\box.py", line 503, in box.box.Box.__getitem__
KeyError: 'transorboard_root_log_dir'

The above exception was the direct cause of the following exception:

Traceback (most recent call last):
  File "box\box.py", line 536, in box.box.Box.__getattr__
  File "box\box.py", line 524, in box.box.Box.__getitem__
box.exceptions.BoxKeyError: "'transorboard_root_log_dir'"

During handling of the above exception, another exception occurred:

Traceback (most recent call last):
  File "box\box.py", line 538, in box.box.Box.__getattr__
AttributeError: 'ConfigBox' object has no attribute 'transorboard_root_log_dir'

The above exception was the direct cause of the following exception:

Traceback (most recent call last):
  File "box\config_box.py", line 28, in box.config_box.ConfigBox.__getattr__
  File "box\box.py", line 552, in box.box.Box.__getattr__
box.exceptions.BoxKeyError: "'ConfigBox' object has no attribute 'transorboard_root_log_dir'"

During handling of the above exception, another exception occurred:

Traceback (most recent call last):
  File "box\box.py", line 503, in box.box.Box.__getitem__
KeyError: 'transorboard_root_log_dir'

The above exception was the direct cause of the following exception:

Traceback (most recent call last):
  File "box\box.py", line 536, in box.box.Box.__getattr__
  File "box\box.py", line 524, in box.box.Box.__getitem__
box.exceptions.BoxKeyError: "'transorboard_root_log_dir'"

During handling of the above exception, another exception occurred:

Traceback (most recent call last):
  File "box\box.py", line 538, in box.box.Box.__getattr__
AttributeError: 'ConfigBox' object has no attribute 'transorboard_root_log_dir'

The above exception was the direct cause of the following exception:

Traceback (most recent call last):
  File "C:\Users\aamer\OneDrive\Desktop\Projects\train2\main.py", line 34, in <module>
    obj.main()
  File "c:\users\aamer\onedrive\desktop\projects\train2\src\CNNproject\pipeline\stage_03_training.py", line 14, in main
    prepare_callbacks_config = config.get_prepare_callback_config()
  File "c:\users\aamer\onedrive\desktop\projects\train2\src\CNNproject\config\configuration.py", line 46, in get_prepare_callback_config
    Path(config.transorboard_root_log_dir)
  File "box\config_box.py", line 30, in box.config_box.ConfigBox.__getattr__
  File "box\box.py", line 552, in box.box.Box.__getattr__
box.exceptions.BoxKeyError: "'ConfigBox' object has no attribute 'transorboard_root_log_dir'"
[2025-02-09 21:46:08,840: INFO: main: >>> stage Data Ingestion Stage started >>>]
[2025-02-09 21:46:08,840: INFO: common: yaml file config\config.yaml loadded successfully]
[2025-02-09 21:46:08,840: INFO: common: yaml file params.yaml loadded successfully]
[2025-02-09 21:46:08,840: INFO: common: Created directory at: artifacts]
[2025-02-09 21:46:08,840: INFO: common: Created directory at: artifacts/data_ingestion]
[2025-02-09 21:46:10,855: INFO: data_ingestion: artifacts/data_ingestion/data.zip downloaded wiht the following info: 
 Connection: close
Content-Length: 11616915
Cache-Control: max-age=300
Content-Security-Policy: default-src 'none'; style-src 'unsafe-inline'; sandbox
Content-Type: application/zip
ETag: "adf745abc03891fe493c3be264ec012691fe3fa21d861f35a27edbe6d86a76b1"
Strict-Transport-Security: max-age=31536000
X-Content-Type-Options: nosniff
X-Frame-Options: deny
X-XSS-Protection: 1; mode=block
X-GitHub-Request-Id: 8B7E:3CC017:32A2957:3451A04:67A8F74A
Accept-Ranges: bytes
Date: Sun, 09 Feb 2025 18:46:07 GMT
Via: 1.1 varnish
X-Served-By: cache-mrs10549-MRS
X-Cache: HIT
X-Cache-Hits: 0
X-Timer: S1739126767.155608,VS0,VE1
Vary: Authorization,Accept-Encoding,Origin
Access-Control-Allow-Origin: *
Cross-Origin-Resource-Policy: cross-origin
X-Fastly-Request-ID: 5d0cbd879043eab486f05acd53af303c82462f96
Expires: Sun, 09 Feb 2025 18:51:07 GMT
Source-Age: 165

]
[2025-02-09 21:46:11,158: INFO: main: >>> stage Data Ingestion Stage completed <<<<<< 

 ====== ]
[2025-02-09 21:46:11,159: INFO: main: >>> stage Prepare Base Model Stage started >>>]
[2025-02-09 21:46:11,160: INFO: common: yaml file config\config.yaml loadded successfully]
[2025-02-09 21:46:11,160: INFO: common: yaml file params.yaml loadded successfully]
[2025-02-09 21:46:11,160: INFO: common: Created directory at: artifacts]
[2025-02-09 21:46:11,160: INFO: common: Created directory at: artifacts/prepare_base_model]
[2025-02-09 21:46:13,029: WARNING: saving_utils: Compiled the loaded model, but the compiled metrics have yet to be built. `model.compile_metrics` will be empty until you train or evaluate the model.]
[2025-02-09 21:46:13,203: INFO: main: >>> stage Prepare Base Model Stage completed <<<<<< 

 ====== ]
[2025-02-09 21:46:13,203: INFO: main: >>> stage Training Stage started >>>]
[2025-02-09 21:46:13,203: INFO: common: yaml file config\config.yaml loadded successfully]
[2025-02-09 21:46:13,203: INFO: common: yaml file params.yaml loadded successfully]
[2025-02-09 21:46:13,203: INFO: common: Created directory at: artifacts]
[2025-02-09 21:46:13,203: ERROR: main: "'ConfigBox' object has no attribute 'transorboard_root_log_dir'"]
Traceback (most recent call last):
  File "box\box.py", line 503, in box.box.Box.__getitem__
KeyError: 'transorboard_root_log_dir'

The above exception was the direct cause of the following exception:

Traceback (most recent call last):
  File "box\box.py", line 536, in box.box.Box.__getattr__
  File "box\box.py", line 524, in box.box.Box.__getitem__
box.exceptions.BoxKeyError: "'transorboard_root_log_dir'"

During handling of the above exception, another exception occurred:

Traceback (most recent call last):
  File "box\box.py", line 538, in box.box.Box.__getattr__
AttributeError: 'ConfigBox' object has no attribute 'transorboard_root_log_dir'

The above exception was the direct cause of the following exception:

Traceback (most recent call last):
  File "box\config_box.py", line 28, in box.config_box.ConfigBox.__getattr__
  File "box\box.py", line 552, in box.box.Box.__getattr__
box.exceptions.BoxKeyError: "'ConfigBox' object has no attribute 'transorboard_root_log_dir'"

During handling of the above exception, another exception occurred:

Traceback (most recent call last):
  File "box\box.py", line 503, in box.box.Box.__getitem__
KeyError: 'transorboard_root_log_dir'

The above exception was the direct cause of the following exception:

Traceback (most recent call last):
  File "box\box.py", line 536, in box.box.Box.__getattr__
  File "box\box.py", line 524, in box.box.Box.__getitem__
box.exceptions.BoxKeyError: "'transorboard_root_log_dir'"

During handling of the above exception, another exception occurred:

Traceback (most recent call last):
  File "box\box.py", line 538, in box.box.Box.__getattr__
AttributeError: 'ConfigBox' object has no attribute 'transorboard_root_log_dir'

The above exception was the direct cause of the following exception:

Traceback (most recent call last):
  File "C:\Users\aamer\OneDrive\Desktop\Projects\train2\main.py", line 34, in <module>
    obj.main()
  File "c:\users\aamer\onedrive\desktop\projects\train2\src\CNNproject\pipeline\stage_03_training.py", line 14, in main
    prepare_callbacks_config = config.get_prepare_callback_config()
  File "c:\users\aamer\onedrive\desktop\projects\train2\src\CNNproject\config\configuration.py", line 46, in get_prepare_callback_config
    Path(config.transorboard_root_log_dir)
  File "box\config_box.py", line 30, in box.config_box.ConfigBox.__getattr__
  File "box\box.py", line 552, in box.box.Box.__getattr__
box.exceptions.BoxKeyError: "'ConfigBox' object has no attribute 'transorboard_root_log_dir'"
[2025-02-09 21:48:12,789: INFO: main: >>> stage Data Ingestion Stage started >>>]
[2025-02-09 21:48:12,791: INFO: common: yaml file config\config.yaml loadded successfully]
[2025-02-09 21:48:12,791: INFO: common: yaml file params.yaml loadded successfully]
[2025-02-09 21:48:12,791: INFO: common: Created directory at: artifacts]
[2025-02-09 21:48:12,791: INFO: common: Created directory at: artifacts/data_ingestion]
[2025-02-09 21:48:14,377: INFO: data_ingestion: artifacts/data_ingestion/data.zip downloaded wiht the following info: 
 Connection: close
Content-Length: 11616915
Cache-Control: max-age=300
Content-Security-Policy: default-src 'none'; style-src 'unsafe-inline'; sandbox
Content-Type: application/zip
ETag: "adf745abc03891fe493c3be264ec012691fe3fa21d861f35a27edbe6d86a76b1"
Strict-Transport-Security: max-age=31536000
X-Content-Type-Options: nosniff
X-Frame-Options: deny
X-XSS-Protection: 1; mode=block
X-GitHub-Request-Id: 8B7E:3CC017:32A2957:3451A04:67A8F74A
Accept-Ranges: bytes
Date: Sun, 09 Feb 2025 18:48:10 GMT
Via: 1.1 varnish
X-Served-By: cache-mrs10583-MRS
X-Cache: HIT
X-Cache-Hits: 0
X-Timer: S1739126891.756400,VS0,VE1
Vary: Authorization,Accept-Encoding,Origin
Access-Control-Allow-Origin: *
Cross-Origin-Resource-Policy: cross-origin
X-Fastly-Request-ID: 7427597f38b3e1d59840e266150c8ea2f2b952d8
Expires: Sun, 09 Feb 2025 18:53:10 GMT
Source-Age: 288

]
[2025-02-09 21:48:14,626: INFO: main: >>> stage Data Ingestion Stage completed <<<<<< 

 ====== ]
[2025-02-09 21:48:14,626: INFO: main: >>> stage Prepare Base Model Stage started >>>]
[2025-02-09 21:48:14,629: INFO: common: yaml file config\config.yaml loadded successfully]
[2025-02-09 21:48:14,629: INFO: common: yaml file params.yaml loadded successfully]
[2025-02-09 21:48:14,631: INFO: common: Created directory at: artifacts]
[2025-02-09 21:48:14,631: INFO: common: Created directory at: artifacts/prepare_base_model]
[2025-02-09 21:48:16,461: WARNING: saving_utils: Compiled the loaded model, but the compiled metrics have yet to be built. `model.compile_metrics` will be empty until you train or evaluate the model.]
[2025-02-09 21:48:16,685: INFO: main: >>> stage Prepare Base Model Stage completed <<<<<< 

 ====== ]
[2025-02-09 21:48:16,685: INFO: main: >>> stage Training Stage started >>>]
[2025-02-09 21:48:16,688: INFO: common: yaml file config\config.yaml loadded successfully]
[2025-02-09 21:48:16,688: INFO: common: yaml file params.yaml loadded successfully]
[2025-02-09 21:48:16,688: INFO: common: Created directory at: artifacts]
[2025-02-09 21:48:16,691: INFO: common: Created directory at: artifacts\prepare_callbacks\checkpoint_dir]
[2025-02-09 21:48:16,691: INFO: common: Created directory at: artifacts\prepare_callbacks\tensorboard_log_dir]
[2025-02-09 21:48:16,691: ERROR: main: __init__() got an unexpected keyword argument 'tensorboard_root_log_dir']
Traceback (most recent call last):
  File "C:\Users\aamer\OneDrive\Desktop\Projects\train2\main.py", line 34, in <module>
    obj.main()
  File "c:\users\aamer\onedrive\desktop\projects\train2\src\CNNproject\pipeline\stage_03_training.py", line 14, in main
    prepare_callbacks_config = config.get_prepare_callback_config()
  File "c:\users\aamer\onedrive\desktop\projects\train2\src\CNNproject\config\configuration.py", line 49, in get_prepare_callback_config
    prepare_call_back_config = PrepareCallbacksConfig (
TypeError: __init__() got an unexpected keyword argument 'tensorboard_root_log_dir'
[2025-02-09 21:50:57,997: INFO: main: >>> stage Data Ingestion Stage started >>>]
[2025-02-09 21:50:57,997: INFO: common: yaml file config\config.yaml loadded successfully]
[2025-02-09 21:50:58,000: INFO: common: yaml file params.yaml loadded successfully]
[2025-02-09 21:50:58,000: INFO: common: Created directory at: artifacts]
[2025-02-09 21:50:58,000: INFO: common: Created directory at: artifacts/data_ingestion]
[2025-02-09 21:50:59,987: INFO: data_ingestion: artifacts/data_ingestion/data.zip downloaded wiht the following info: 
 Connection: close
Content-Length: 11616915
Cache-Control: max-age=300
Content-Security-Policy: default-src 'none'; style-src 'unsafe-inline'; sandbox
Content-Type: application/zip
ETag: "adf745abc03891fe493c3be264ec012691fe3fa21d861f35a27edbe6d86a76b1"
Strict-Transport-Security: max-age=31536000
X-Content-Type-Options: nosniff
X-Frame-Options: deny
X-XSS-Protection: 1; mode=block
X-GitHub-Request-Id: 8B7E:3CC017:32A2957:3451A04:67A8F74A
Accept-Ranges: bytes
Date: Sun, 09 Feb 2025 18:50:56 GMT
Via: 1.1 varnish
X-Served-By: cache-mrs10532-MRS
X-Cache: HIT
X-Cache-Hits: 0
X-Timer: S1739127056.219776,VS0,VE156
Vary: Authorization,Accept-Encoding,Origin
Access-Control-Allow-Origin: *
Cross-Origin-Resource-Policy: cross-origin
X-Fastly-Request-ID: 32537e1e9f8be573d00e58953a908e0c77e19bc6
Expires: Sun, 09 Feb 2025 18:55:56 GMT
Source-Age: 0

]
[2025-02-09 21:51:00,301: INFO: main: >>> stage Data Ingestion Stage completed <<<<<< 

 ====== ]
[2025-02-09 21:51:00,301: INFO: main: >>> stage Prepare Base Model Stage started >>>]
[2025-02-09 21:51:00,301: INFO: common: yaml file config\config.yaml loadded successfully]
[2025-02-09 21:51:00,317: INFO: common: yaml file params.yaml loadded successfully]
[2025-02-09 21:51:00,317: INFO: common: Created directory at: artifacts]
[2025-02-09 21:51:00,317: INFO: common: Created directory at: artifacts/prepare_base_model]
[2025-02-09 21:51:02,217: WARNING: saving_utils: Compiled the loaded model, but the compiled metrics have yet to be built. `model.compile_metrics` will be empty until you train or evaluate the model.]
[2025-02-09 21:51:02,345: INFO: main: >>> stage Prepare Base Model Stage completed <<<<<< 

 ====== ]
[2025-02-09 21:51:02,345: INFO: main: >>> stage Training Stage started >>>]
[2025-02-09 21:51:02,345: INFO: common: yaml file config\config.yaml loadded successfully]
[2025-02-09 21:51:02,345: INFO: common: yaml file params.yaml loadded successfully]
[2025-02-09 21:51:02,345: INFO: common: Created directory at: artifacts]
[2025-02-09 21:51:02,353: INFO: common: Created directory at: artifacts\prepare_callbacks\checkpoint_dir]
[2025-02-09 21:51:02,353: INFO: common: Created directory at: artifacts\prepare_callbacks\tensorboard_log_dir]
[2025-02-09 21:51:02,355: INFO: common: Created directory at: artifacts\training]
[2025-02-09 22:45:26,857: INFO: main: >>> stage Training Stage completed <<<<<< 

 ====== ]
[2025-02-10 01:03:53,470: INFO: common: yaml file config\config.yaml loadded successfully]
[2025-02-10 01:03:53,474: INFO: common: yaml file params.yaml loadded successfully]
[2025-02-10 01:03:53,476: INFO: common: Created directory at: artifacts]
[2025-02-10 01:03:53,477: INFO: common: Created directory at: artifacts/prepare_callbacks/checkpoint_dir]
[2025-02-10 01:03:53,477: INFO: common: Created directory at: artifacts\prepare_callbacks\tensorboard_log_dir]
[2025-02-10 01:03:53,479: INFO: common: Created directory at: artifacts\training]
[2025-02-10 01:04:59,257: INFO: common: yaml file config\config.yaml loadded successfully]
[2025-02-10 01:04:59,258: INFO: common: yaml file params.yaml loadded successfully]
[2025-02-10 01:04:59,259: INFO: common: Created directory at: artifacts]
[2025-02-10 01:04:59,259: INFO: common: Created directory at: artifacts/prepare_callbacks/checkpoint_dir]
[2025-02-10 01:04:59,262: INFO: common: Created directory at: artifacts\prepare_callbacks\tensorboard_log_dir]
[2025-02-10 01:04:59,263: INFO: common: Created directory at: artifacts\training]
[2025-02-10 01:06:59,427: INFO: common: yaml file config\config.yaml loadded successfully]
[2025-02-10 01:06:59,430: INFO: common: yaml file params.yaml loadded successfully]
[2025-02-10 01:06:59,431: INFO: common: Created directory at: artifacts]
[2025-02-10 01:06:59,432: INFO: common: Created directory at: artifacts/prepare_callbacks/checkpoint_dir]
[2025-02-10 01:06:59,433: INFO: common: Created directory at: artifacts\prepare_callbacks\tensorboard_log_dir]
[2025-02-10 01:06:59,433: INFO: common: Created directory at: artifacts\training]
[2025-02-10 12:29:30,204: INFO: common: yaml file config\config.yaml loadded successfully]
[2025-02-10 12:29:30,210: INFO: common: yaml file params.yaml loadded successfully]
[2025-02-10 12:29:30,210: INFO: common: Created directory at: artifacts]
[2025-02-10 12:29:30,212: INFO: common: Created directory at: artifacts\training]
[2025-02-10 12:30:18,526: INFO: common: yaml file config\config.yaml loadded successfully]
[2025-02-10 12:30:18,528: INFO: common: yaml file params.yaml loadded successfully]
[2025-02-10 12:30:18,529: INFO: common: Created directory at: artifacts]
[2025-02-10 12:30:18,530: INFO: common: Created directory at: artifacts\training]
[2025-02-10 12:55:44,602: INFO: common: yaml file config\config.yaml loadded successfully]
[2025-02-10 12:55:44,603: INFO: common: yaml file params.yaml loadded successfully]
[2025-02-10 12:55:44,604: INFO: common: Created directory at: artifacts]
[2025-02-10 12:55:44,605: INFO: common: Created directory at: artifacts/prepare_callbacks/checkpoint_dir]
[2025-02-10 12:55:44,605: INFO: common: Created directory at: artifacts\prepare_callbacks\tensorboard_log_dir]
[2025-02-10 12:55:44,608: INFO: common: Created directory at: artifacts\training]
[2025-02-10 13:40:49,092: INFO: common: yaml file config\config.yaml loadded successfully]
[2025-02-10 13:40:49,093: INFO: common: yaml file params.yaml loadded successfully]
[2025-02-10 13:40:49,095: INFO: common: Created directory at: artifacts]
[2025-02-10 13:40:49,095: INFO: common: Created directory at: artifacts/prepare_callbacks/checkpoint_dir]
[2025-02-10 13:40:49,095: INFO: common: Created directory at: artifacts\prepare_callbacks\tensorboard_log_dir]
[2025-02-10 13:40:49,100: INFO: common: Created directory at: artifacts\training]
[2025-02-10 13:54:52,263: INFO: common: yaml file config\config.yaml loadded successfully]
[2025-02-10 13:54:52,263: INFO: common: yaml file params.yaml loadded successfully]
[2025-02-10 13:54:52,268: INFO: common: Created directory at: artifacts]
[2025-02-10 13:54:52,268: INFO: common: Created directory at: artifacts/prepare_callbacks/checkpoint_dir]
[2025-02-10 13:54:52,268: INFO: common: Created directory at: artifacts\prepare_callbacks\tensorboard_log_dir]
[2025-02-10 13:54:52,271: INFO: common: Created directory at: artifacts\training]
[2025-02-10 14:12:23,241: INFO: common: yaml file config\config.yaml loadded successfully]
[2025-02-10 14:12:23,243: INFO: common: yaml file params.yaml loadded successfully]
[2025-02-10 14:12:23,243: INFO: common: Created directory at: artifacts]
[2025-02-10 14:12:23,243: INFO: common: Created directory at: artifacts/prepare_callbacks/checkpoint_dir]
[2025-02-10 14:12:23,247: INFO: common: Created directory at: artifacts\prepare_callbacks\tensorboard_log_dir]
[2025-02-10 14:12:23,251: INFO: common: Created directory at: artifacts\training]
[2025-02-10 14:22:49,964: INFO: common: yaml file config\config.yaml loadded successfully]
[2025-02-10 14:22:49,969: INFO: common: yaml file params.yaml loadded successfully]
[2025-02-10 14:22:49,969: INFO: common: Created directory at: artifacts]
[2025-02-10 14:23:09,217: INFO: common: yaml file config\config.yaml loadded successfully]
[2025-02-10 14:23:09,219: INFO: common: yaml file params.yaml loadded successfully]
[2025-02-10 14:23:09,220: INFO: common: Created directory at: artifacts]
[2025-02-10 14:23:09,484: INFO: common: Binary file loadded successfully from : [WindowsPath('artifacts/test_data/test_data.pkl')]]
[2025-02-10 14:23:15,875: INFO: common: Json file saved at: [WindowsPath('scores.json')]]
[2025-02-10 14:26:32,302: INFO: common: yaml file config\config.yaml loadded successfully]
[2025-02-10 14:26:32,307: INFO: common: yaml file params.yaml loadded successfully]
[2025-02-10 14:26:32,310: INFO: common: Created directory at: artifacts]
[2025-02-10 14:27:08,733: INFO: common: yaml file config\config.yaml loadded successfully]
[2025-02-10 14:27:08,733: INFO: common: yaml file params.yaml loadded successfully]
[2025-02-10 14:27:08,733: INFO: common: Created directory at: artifacts]
[2025-02-10 14:27:08,972: INFO: common: Binary file loadded successfully from : [WindowsPath('artifacts/test_data/test_data.pkl')]]
[2025-02-10 14:27:15,226: INFO: common: Json file saved at: [WindowsPath('scores.json')]]
[2025-02-10 14:56:30,005: INFO: common: yaml file config\config.yaml loadded successfully]
[2025-02-10 14:56:30,007: INFO: common: yaml file params.yaml loadded successfully]
[2025-02-10 14:56:30,007: INFO: common: Created directory at: artifacts]
[2025-02-10 14:56:30,216: INFO: common: Binary file loadded successfully from : [WindowsPath('artifacts/test_data/test_data.pkl')]]
[2025-02-10 14:56:35,674: INFO: common: Json file saved at: [WindowsPath('scores.json')]]
[2025-02-10 15:05:21,155: INFO: main: >>> stage Data Ingestion Stage started >>>]
[2025-02-10 15:05:21,155: INFO: common: yaml file config\config.yaml loadded successfully]
[2025-02-10 15:05:21,155: INFO: common: yaml file params.yaml loadded successfully]
[2025-02-10 15:05:21,155: INFO: common: Created directory at: artifacts]
[2025-02-10 15:05:21,155: INFO: common: Created directory at: artifacts/data_ingestion]
[2025-02-10 15:05:21,155: ERROR: main: local variable 'file_name' referenced before assignment]
Traceback (most recent call last):
  File "C:\Users\aamer\OneDrive\Desktop\Projects\train2\main.py", line 13, in <module>
    obj.main()
  File "c:\users\aamer\onedrive\desktop\projects\train2\src\CNNproject\pipeline\stage_01_data_ingestion.py", line 15, in main
    data_ingestion.download_file()
  File "c:\users\aamer\onedrive\desktop\projects\train2\src\CNNproject\components\data_ingestion.py", line 22, in download_file
    logger.info(f"{file_name} is already exists of size: {get_size(Path(self.config.local_data_file))}")
UnboundLocalError: local variable 'file_name' referenced before assignment
[2025-02-10 15:13:22,615: INFO: main: >>> stage Data Ingestion Stage started >>>]
[2025-02-10 15:13:22,615: INFO: common: yaml file config\config.yaml loadded successfully]
[2025-02-10 15:13:22,615: INFO: common: yaml file params.yaml loadded successfully]
[2025-02-10 15:13:22,615: INFO: common: Created directory at: artifacts]
[2025-02-10 15:13:22,615: INFO: common: Created directory at: artifacts/data_ingestion]
[2025-02-10 15:13:22,615: ERROR: main: 'DataIngestionConfig' object has no attribute 'local_data_file']
Traceback (most recent call last):
  File "C:\Users\aamer\OneDrive\Desktop\Projects\train2\main.py", line 13, in <module>
    obj.main()
  File "c:\users\aamer\onedrive\desktop\projects\train2\src\CNNproject\pipeline\stage_01_data_ingestion.py", line 15, in main
    data_ingestion.download_file()
  File "c:\users\aamer\onedrive\desktop\projects\train2\src\CNNproject\components\data_ingestion.py", line 23, in download_file
    logger.info(f"{file_name} is already exists of size: {get_size(Path(self.config.local_data_file))}")
AttributeError: 'DataIngestionConfig' object has no attribute 'local_data_file'
[2025-02-10 15:14:00,056: INFO: main: >>> stage Data Ingestion Stage started >>>]
[2025-02-10 15:14:00,056: INFO: common: yaml file config\config.yaml loadded successfully]
[2025-02-10 15:14:00,056: INFO: common: yaml file params.yaml loadded successfully]
[2025-02-10 15:14:00,060: INFO: common: Created directory at: artifacts]
[2025-02-10 15:14:00,060: INFO: common: Created directory at: artifacts/data_ingestion]
[2025-02-10 15:14:02,328: INFO: data_ingestion: artifacts/data_ingestion/data.zip downloaded wiht the following info: 
 Connection: close
Content-Length: 11616915
Cache-Control: max-age=300
Content-Security-Policy: default-src 'none'; style-src 'unsafe-inline'; sandbox
Content-Type: application/zip
ETag: "adf745abc03891fe493c3be264ec012691fe3fa21d861f35a27edbe6d86a76b1"
Strict-Transport-Security: max-age=31536000
X-Content-Type-Options: nosniff
X-Frame-Options: deny
X-XSS-Protection: 1; mode=block
X-GitHub-Request-Id: EB39:8863:1103CE9:1196D90:67A9ED88
Accept-Ranges: bytes
Date: Mon, 10 Feb 2025 12:14:01 GMT
Via: 1.1 varnish
X-Served-By: cache-mrs10551-MRS
X-Cache: MISS
X-Cache-Hits: 0
X-Timer: S1739189641.529403,VS0,VE553
Vary: Authorization,Accept-Encoding,Origin
Access-Control-Allow-Origin: *
Cross-Origin-Resource-Policy: cross-origin
X-Fastly-Request-ID: 21be6b5256df1ba8bee4143a03b2c796252926db
Expires: Mon, 10 Feb 2025 12:19:01 GMT
Source-Age: 0

]
[2025-02-10 15:14:02,595: INFO: main: >>> stage Data Ingestion Stage completed <<<<<< 

 ====== ]
[2025-02-10 15:14:02,597: INFO: main: >>> stage Prepare Base Model Stage started >>>]
[2025-02-10 15:14:02,598: INFO: common: yaml file config\config.yaml loadded successfully]
[2025-02-10 15:14:02,599: INFO: common: yaml file params.yaml loadded successfully]
[2025-02-10 15:14:02,599: INFO: common: Created directory at: artifacts]
[2025-02-10 15:14:02,600: INFO: common: Created directory at: artifacts/prepare_base_model]
[2025-02-10 15:14:04,445: WARNING: saving_utils: Compiled the loaded model, but the compiled metrics have yet to be built. `model.compile_metrics` will be empty until you train or evaluate the model.]
[2025-02-10 15:14:04,610: INFO: main: >>> stage Prepare Base Model Stage completed <<<<<< 

 ====== ]
[2025-02-10 15:14:04,611: INFO: main: >>> stage Training Stage started >>>]
[2025-02-10 15:14:04,612: INFO: common: yaml file config\config.yaml loadded successfully]
[2025-02-10 15:14:04,613: INFO: common: yaml file params.yaml loadded successfully]
[2025-02-10 15:14:04,614: INFO: common: Created directory at: artifacts]
[2025-02-10 15:14:04,614: INFO: common: Created directory at: artifacts\prepare_callbacks\checkpoint_dir]
[2025-02-10 15:14:04,614: INFO: common: Created directory at: artifacts\prepare_callbacks\tensorboard_log_dir]
[2025-02-10 15:14:04,614: INFO: common: Created directory at: artifacts\training]
[2025-02-10 15:33:07,226: INFO: main: >>> stage Training Stage completed <<<<<< 

 ====== ]
[2025-02-10 15:33:07,226: INFO: main: >>> stage Evaluation Stage started >>>]
[2025-02-10 15:33:07,229: INFO: common: yaml file config\config.yaml loadded successfully]
[2025-02-10 15:33:07,230: INFO: common: yaml file params.yaml loadded successfully]
[2025-02-10 15:33:07,231: INFO: common: Created directory at: artifacts]
[2025-02-10 15:33:07,413: ERROR: main: [Errno 2] No such file or directory: 'artifacts\\test_data\\test_data.pkl']
Traceback (most recent call last):
  File "C:\Users\aamer\OneDrive\Desktop\Projects\train2\main.py", line 48, in <module>
    obj.main()
  File "c:\users\aamer\onedrive\desktop\projects\train2\src\CNNproject\pipeline\stage_04_evaluation.py", line 16, in main
    evaluation.evaluation()
  File "c:\users\aamer\onedrive\desktop\projects\train2\src\CNNproject\components\evaluation.py", line 50, in evaluation
    self._valid_generator = self._valid_generator()
  File "c:\users\aamer\onedrive\desktop\projects\train2\src\CNNproject\components\evaluation.py", line 14, in _valid_generator
    test_data_info = load_bin(file_path)  # Load test data
  File "C:\Users\aamer\miniconda3\envs\myenv\lib\site-packages\ensure\main.py", line 807, in __call__
    return self.f(*args, **kwargs)
  File "c:\users\aamer\onedrive\desktop\projects\train2\src\CNNproject\utils\common.py", line 108, in load_bin
    with open (path,"rb") as f:
FileNotFoundError: [Errno 2] No such file or directory: 'artifacts\\test_data\\test_data.pkl'
[2025-02-10 16:38:13,042: INFO: common: yaml file config\config.yaml loadded successfully]
[2025-02-10 16:38:13,042: INFO: common: yaml file params.yaml loadded successfully]
[2025-02-10 16:38:13,042: INFO: common: Created directory at: artifacts]
[2025-02-10 16:40:02,274: INFO: common: yaml file config\config.yaml loadded successfully]
[2025-02-10 16:40:02,276: INFO: common: yaml file params.yaml loadded successfully]
[2025-02-10 16:40:02,277: INFO: common: Created directory at: artifacts]
[2025-02-10 16:42:04,312: INFO: common: yaml file config\config.yaml loadded successfully]
[2025-02-10 16:42:04,313: INFO: common: yaml file params.yaml loadded successfully]
[2025-02-10 16:42:04,313: INFO: common: Created directory at: artifacts]
[2025-02-10 16:42:04,313: INFO: common: Created directory at: artifacts\test_data\test_data.pkl]
[2025-02-10 16:43:08,846: INFO: common: yaml file config\config.yaml loadded successfully]
[2025-02-10 16:43:08,846: INFO: common: yaml file params.yaml loadded successfully]
[2025-02-10 16:43:08,846: INFO: common: Created directory at: artifacts]
[2025-02-10 16:43:08,846: INFO: common: Created directory at: artifacts\test_data\test_data.pkl]
[2025-02-10 16:47:12,765: INFO: main: >>> stage Data Ingestion Stage started >>>]
[2025-02-10 16:47:12,765: INFO: common: yaml file config\config.yaml loadded successfully]
[2025-02-10 16:47:12,765: INFO: common: yaml file params.yaml loadded successfully]
[2025-02-10 16:47:12,765: INFO: common: Created directory at: artifacts]
[2025-02-10 16:47:12,765: INFO: common: Created directory at: artifacts/data_ingestion]
[2025-02-10 16:47:12,765: ERROR: main: local variable 'file_name' referenced before assignment]
Traceback (most recent call last):
  File "C:\Users\aamer\OneDrive\Desktop\Projects\train2\main.py", line 13, in <module>
    obj.main()
  File "c:\users\aamer\onedrive\desktop\projects\train2\src\CNNproject\pipeline\stage_01_data_ingestion.py", line 15, in main
    data_ingestion.download_file()
  File "c:\users\aamer\onedrive\desktop\projects\train2\src\CNNproject\components\data_ingestion.py", line 22, in download_file
    logger.info(f"{file_name} is already exists of size: {get_size(Path(self.config.local_data_file))}")
UnboundLocalError: local variable 'file_name' referenced before assignment
[2025-02-10 16:47:23,551: INFO: main: >>> stage Data Ingestion Stage started >>>]
[2025-02-10 16:47:23,566: INFO: common: yaml file config\config.yaml loadded successfully]
[2025-02-10 16:47:23,566: INFO: common: yaml file params.yaml loadded successfully]
[2025-02-10 16:47:23,566: INFO: common: Created directory at: artifacts]
[2025-02-10 16:47:23,566: INFO: common: Created directory at: artifacts/data_ingestion]
[2025-02-10 16:47:26,101: INFO: data_ingestion: artifacts/data_ingestion/data.zip downloaded wiht the following info: 
 Connection: close
Content-Length: 11616915
Cache-Control: max-age=300
Content-Security-Policy: default-src 'none'; style-src 'unsafe-inline'; sandbox
Content-Type: application/zip
ETag: "adf745abc03891fe493c3be264ec012691fe3fa21d861f35a27edbe6d86a76b1"
Strict-Transport-Security: max-age=31536000
X-Content-Type-Options: nosniff
X-Frame-Options: deny
X-XSS-Protection: 1; mode=block
X-GitHub-Request-Id: E924:3D60F3:4D7C592:502B233:67AA0313
Accept-Ranges: bytes
Date: Mon, 10 Feb 2025 13:47:24 GMT
Via: 1.1 varnish
X-Served-By: cache-mrs10542-MRS
X-Cache: MISS
X-Cache-Hits: 0
X-Timer: S1739195244.970044,VS0,VE596
Vary: Authorization,Accept-Encoding,Origin
Access-Control-Allow-Origin: *
Cross-Origin-Resource-Policy: cross-origin
X-Fastly-Request-ID: 7622581c6ca53f1e45fb68d55c1379797a29dd82
Expires: Mon, 10 Feb 2025 13:52:24 GMT
Source-Age: 0

]
[2025-02-10 16:47:26,399: INFO: main: >>> stage Data Ingestion Stage completed <<<<<< 

 ====== ]
[2025-02-10 16:47:26,399: INFO: main: >>> stage Prepare Base Model Stage started >>>]
[2025-02-10 16:47:26,399: INFO: common: yaml file config\config.yaml loadded successfully]
[2025-02-10 16:47:26,399: INFO: common: yaml file params.yaml loadded successfully]
[2025-02-10 16:47:26,415: INFO: common: Created directory at: artifacts]
[2025-02-10 16:47:26,415: INFO: common: Created directory at: artifacts/prepare_base_model]
[2025-02-10 16:47:28,333: WARNING: saving_utils: Compiled the loaded model, but the compiled metrics have yet to be built. `model.compile_metrics` will be empty until you train or evaluate the model.]
[2025-02-10 16:47:28,654: INFO: main: >>> stage Prepare Base Model Stage completed <<<<<< 

 ====== ]
[2025-02-10 16:47:28,654: INFO: main: >>> stage Training Stage started >>>]
[2025-02-10 16:47:28,654: INFO: common: yaml file config\config.yaml loadded successfully]
[2025-02-10 16:47:28,654: INFO: common: yaml file params.yaml loadded successfully]
[2025-02-10 16:47:28,654: INFO: common: Created directory at: artifacts]
[2025-02-10 16:47:28,654: INFO: common: Created directory at: artifacts\prepare_callbacks\checkpoint_dir]
[2025-02-10 16:47:28,654: INFO: common: Created directory at: artifacts\prepare_callbacks\tensorboard_log_dir]
[2025-02-10 16:47:28,662: INFO: common: Created directory at: artifacts\training]
[2025-02-10 16:48:42,824: INFO: main: >>> stage Training Stage completed <<<<<< 

 ====== ]
[2025-02-10 16:48:42,825: INFO: main: >>> stage Evaluation Stage started >>>]
[2025-02-10 16:48:42,827: INFO: common: yaml file config\config.yaml loadded successfully]
[2025-02-10 16:48:42,828: INFO: common: yaml file params.yaml loadded successfully]
[2025-02-10 16:48:42,829: INFO: common: Created directory at: artifacts]
[2025-02-10 16:48:43,052: INFO: common: Binary file loadded successfully from : [WindowsPath('artifacts/test_data/test_data.pkl')]]
[2025-02-10 16:48:48,366: INFO: common: Json file saved at: [WindowsPath('scores.json')]]
[2025-02-10 16:48:48,366: INFO: main: >>> stage Evaluation Stage completed <<<<<< 

 ====== ]
[2025-02-10 16:59:19,953: INFO: stage_01_data_ingestion: >>> stage Data Ingestion Stage started >>>]
[2025-02-10 16:59:19,968: INFO: common: yaml file config\config.yaml loadded successfully]
[2025-02-10 16:59:19,968: INFO: common: yaml file params.yaml loadded successfully]
[2025-02-10 16:59:19,968: INFO: common: Created directory at: artifacts]
[2025-02-10 16:59:19,999: INFO: common: Created directory at: artifacts/data_ingestion]
[2025-02-10 16:59:21,919: INFO: data_ingestion: artifacts/data_ingestion/data.zip downloaded wiht the following info: 
 Connection: close
Content-Length: 11616915
Cache-Control: max-age=300
Content-Security-Policy: default-src 'none'; style-src 'unsafe-inline'; sandbox
Content-Type: application/zip
ETag: "adf745abc03891fe493c3be264ec012691fe3fa21d861f35a27edbe6d86a76b1"
Strict-Transport-Security: max-age=31536000
X-Content-Type-Options: nosniff
X-Frame-Options: deny
X-XSS-Protection: 1; mode=block
X-GitHub-Request-Id: E924:3D60F3:4D7C592:502B233:67AA0313
Accept-Ranges: bytes
Date: Mon, 10 Feb 2025 13:59:20 GMT
Via: 1.1 varnish
X-Served-By: cache-mrs10556-MRS
X-Cache: HIT
X-Cache-Hits: 0
X-Timer: S1739195960.185499,VS0,VE203
Vary: Authorization,Accept-Encoding,Origin
Access-Control-Allow-Origin: *
Cross-Origin-Resource-Policy: cross-origin
X-Fastly-Request-ID: ac09d9c01e22bf6c219cc15f695d5d87da3544e2
Expires: Mon, 10 Feb 2025 14:04:20 GMT
Source-Age: 0

]
[2025-02-10 16:59:22,216: INFO: stage_01_data_ingestion: >>> stage Data Ingestion Stage completed <<<<<< 

 ====== ]
[2025-02-10 17:00:21,604: INFO: stage_02_prepare_base_model: >>> stage Prepare Base Model Stage started >>>]
[2025-02-10 17:00:21,619: INFO: common: yaml file config\config.yaml loadded successfully]
[2025-02-10 17:00:21,619: INFO: common: yaml file params.yaml loadded successfully]
[2025-02-10 17:00:21,635: INFO: common: Created directory at: artifacts]
[2025-02-10 17:00:21,651: INFO: common: Created directory at: artifacts/prepare_base_model]
[2025-02-10 17:00:23,590: WARNING: saving_utils: Compiled the loaded model, but the compiled metrics have yet to be built. `model.compile_metrics` will be empty until you train or evaluate the model.]
[2025-02-10 17:00:23,900: INFO: stage_02_prepare_base_model: >>> stage Prepare Base Model Stage completed <<<<<< 

 ====== ]
[2025-02-10 17:01:00,584: INFO: stage_03_training: >>> stage Training Stage started >>>]
[2025-02-10 17:01:00,584: INFO: common: yaml file config\config.yaml loadded successfully]
[2025-02-10 17:01:00,584: INFO: common: yaml file params.yaml loadded successfully]
[2025-02-10 17:01:00,600: INFO: common: Created directory at: artifacts]
[2025-02-10 17:01:00,612: INFO: common: Created directory at: artifacts\prepare_callbacks\checkpoint_dir]
[2025-02-10 17:01:00,616: INFO: common: Created directory at: artifacts\prepare_callbacks\tensorboard_log_dir]
[2025-02-10 17:01:00,616: INFO: common: Created directory at: artifacts\training]
[2025-02-10 17:04:49,754: INFO: stage_03_training: >>> stage Training Stage completed <<<<<< 

 ====== ]
[2025-02-10 17:04:55,267: INFO: stage_04_evaluation: >>> stage Evaluation Stage started >>>]
[2025-02-10 17:04:55,283: INFO: common: yaml file config\config.yaml loadded successfully]
[2025-02-10 17:04:55,298: INFO: common: yaml file params.yaml loadded successfully]
[2025-02-10 17:04:55,298: INFO: common: Created directory at: artifacts]
[2025-02-10 17:04:56,116: INFO: common: Binary file loadded successfully from : [WindowsPath('artifacts/test_data/test_data.pkl')]]
[2025-02-10 17:05:01,838: INFO: common: Json file saved at: [WindowsPath('scores.json')]]
[2025-02-10 17:05:01,840: INFO: stage_04_evaluation: >>> stage Evaluation Stage completed <<<<<< 

 ====== ]
[2025-02-10 17:35:33,003: INFO: stage_03_training: >>> stage Training Stage started >>>]
[2025-02-10 17:35:33,006: INFO: common: yaml file config\config.yaml loadded successfully]
[2025-02-10 17:35:33,007: INFO: common: yaml file params.yaml loadded successfully]
[2025-02-10 17:35:33,007: INFO: common: Created directory at: artifacts]
[2025-02-10 17:35:33,007: INFO: common: Created directory at: artifacts\prepare_callbacks\checkpoint_dir]
[2025-02-10 17:35:33,008: INFO: common: Created directory at: artifacts\prepare_callbacks\tensorboard_log_dir]
[2025-02-10 17:35:33,008: INFO: common: Created directory at: artifacts\training]
